[2025-11-03 16:39:38] Launcher started successfully
[2025-11-03 16:39:38] current working directory : [C:\Users\phikill\Desktop\litepc_reverse\recode\launcher test\re_lpc_launcher\bin\nt_64\]

[2025-11-03 16:39:38] API Server listening on port 64569
[2025-11-03 17:55:08] Launcher exited because another instance is running
[2025-11-03 17:55:08]  [!ERROR]: window not found - restoration unavailable
[2025-11-03 17:55:08] Failed to restore existing launcher window
[2025-11-03 17:55:08] Launcher exited because another instance is running
[2025-11-03 17:55:08]  [!ERROR]: window not found - restoration unavailable
[2025-11-03 17:55:08] Failed to restore existing launcher window
[2025-11-04 07:15:30] Launcher started successfully
[2025-11-04 07:15:31] current working directory : [C:\Users\phikill\Desktop\litepc_reverse\recode\launcher test\re_lpc_launcher\bin\nt_64\]

[2025-11-04 07:15:31] API Server listening on port 49884
[2025-11-04 07:15:33] Launcher started successfully
[2025-11-04 07:15:33] current working directory : [C:\Users\phikill\Desktop\litepc_reverse\recode\launcher test\re_lpc_launcher\bin\nt_64\]

[2025-11-04 07:15:34] Launcher started successfully
[2025-11-04 07:15:34] current working directory : [C:\Users\phikill\Desktop\litepc_reverse\recode\launcher test\re_lpc_launcher\bin\nt_64\]

[2025-11-04 07:15:36] Launcher started successfully
[2025-11-04 07:15:36] current working directory : [C:\Users\phikill\Desktop\litepc_reverse\recode\launcher test\re_lpc_launcher\bin\nt_64\]

[2025-11-04 07:15:36] Launcher started successfully
[2025-11-04 07:15:36] current working directory : [C:\Users\phikill\Desktop\litepc_reverse\recode\launcher test\re_lpc_launcher\bin\nt_64\]

[2025-11-04 07:15:36] API Server listening on port 49887
[2025-11-04 09:01:46] Launcher exited because another instance is running
[2025-11-04 09:07:03] Launcher exited because another instance is running
[2025-11-04 09:07:03]  [!ERROR]: window not found - restoration unavailable
[2025-11-04 09:07:03] Failed to restore existing launcher window
[2025-11-04 09:07:04] Launcher exited because another instance is running
[2025-11-04 09:07:04]  [!ERROR]: window not found - restoration unavailable
[2025-11-04 09:07:04] Failed to restore existing launcher window
[2025-11-04 09:07:06] Launcher started successfully
[2025-11-04 09:07:06] current working directory : [C:\Users\phikill\Desktop\litepc_reverse\recode\launcher test\re_lpc_launcher\bin\nt_64\]

[2025-11-04 09:07:06] API Server listening on port 50103
[2025-11-04 09:11:39] Launcher exited because another instance is running
[2025-11-04 09:11:39]  [!ERROR]: window not found - restoration unavailable
[2025-11-04 09:11:39] Failed to restore existing launcher window
[2025-11-04 09:23:16] Launcher started successfully
[2025-11-04 09:23:16] current working directory : [C:\Users\phikill\Desktop\litepc_reverse\recode\launcher test\re_lpc_launcher\bin\nt_64\]

[2025-11-04 09:23:16] API Server listening on port 50146
[2025-11-04 09:26:11] Launcher exited because another instance is running
[2025-11-04 09:26:11]  [!ERROR]: window not found - restoration unavailable
[2025-11-04 09:26:11] Failed to restore existing launcher window
[2025-11-04 09:26:21] Launcher started successfully
[2025-11-04 09:26:21] current working directory : [C:\Users\phikill\Desktop\litepc_reverse\recode\launcher test\re_lpc_launcher\bin\nt_64\]

[2025-11-04 09:26:21] API Server listening on port 50157
[2025-11-04 09:26:24] Launcher started successfully
[2025-11-04 09:26:24] current working directory : [C:\Users\phikill\Desktop\litepc_reverse\recode\launcher test\re_lpc_launcher\bin\nt_64\]

[2025-11-04 09:26:25] Launcher started successfully
[2025-11-04 09:26:25] current working directory : [C:\Users\phikill\Desktop\litepc_reverse\recode\launcher test\re_lpc_launcher\bin\nt_64\]

[2025-11-04 09:26:25] API Server listening on port 50159
[2025-11-04 09:29:57] Launcher exited because another instance is running
[2025-11-04 09:29:57]  [!ERROR]: window not found - restoration unavailable
[2025-11-04 09:29:57] Failed to restore existing launcher window
[2025-11-04 09:29:59] Launcher started successfully
[2025-11-04 09:29:59] current working directory : [C:\Users\phikill\Desktop\litepc_reverse\recode\launcher test\re_lpc_launcher\bin\nt_64\]

[2025-11-04 09:30:07] Launcher started successfully
[2025-11-04 09:30:07] current working directory : [C:\Users\phikill\Desktop\litepc_reverse\recode\launcher test\re_lpc_launcher\bin\nt_64\]

[2025-11-04 09:30:07] API Server listening on port 50169
[2025-11-04 09:30:10] Launcher exited because another instance is running
[2025-11-04 09:30:10]  [!ERROR]: window not found - restoration unavailable
[2025-11-04 09:30:10] Failed to restore existing launcher window
[2025-11-04 09:30:53] Launcher started successfully
[2025-11-04 09:30:53] current working directory : [C:\Users\phikill\Desktop\litepc_reverse\recode\launcher test\re_lpc_launcher\bin\nt_64\]

[2025-11-04 09:30:53] API Server listening on port 50179
[2025-11-04 09:30:59] Launcher exited because another instance is running
[2025-11-04 09:30:59]  [!ERROR]: window not found - restoration unavailable
[2025-11-04 09:30:59] Failed to restore existing launcher window
[2025-11-04 09:31:21] Launcher started successfully
[2025-11-04 09:31:21] current working directory : [C:\Users\phikill\Desktop\litepc_reverse\recode\launcher test\re_lpc_launcher\bin\nt_64\]

[2025-11-04 09:31:21] API Server listening on port 50185
[2025-11-04 09:31:28] Launcher exited because another instance is running
[2025-11-04 09:31:28]  [!ERROR]: window not found - restoration unavailable
[2025-11-04 09:31:28] Failed to restore existing launcher window
[2025-11-04 09:32:10] Launcher started successfully
[2025-11-04 09:32:10] current working directory : [C:\Users\phikill\Desktop\litepc_reverse\recode\launcher test\re_lpc_launcher\bin\nt_64\]

[2025-11-04 09:32:10] API Server listening on port 50193
[2025-11-04 09:32:14] Launcher exited because another instance is running
[2025-11-04 09:32:14]  [!ERROR]: window not found - restoration unavailable
[2025-11-04 09:32:14] Failed to restore existing launcher window
[2025-11-04 09:34:51] Launcher started successfully
[2025-11-04 09:34:51] current working directory : [C:\Users\phikill\Desktop\litepc_reverse\recode\launcher test\re_lpc_launcher\bin\nt_64\]

[2025-11-04 09:34:51] API Server listening on port 50203
[2025-11-04 09:34:54] Launcher exited because another instance is running
[2025-11-04 09:34:54]  [!ERROR]: window not found - restoration unavailable
[2025-11-04 09:34:54] Failed to restore existing launcher window
[2025-11-04 09:40:57] Launcher started successfully
[2025-11-04 09:40:57] current working directory : [C:\Users\phikill\Desktop\litepc_reverse\recode\launcher test\re_lpc_launcher\bin\nt_64\]

[2025-11-04 09:40:57] API Server listening on port 50219
[2025-11-04 09:40:59] Launcher started successfully
[2025-11-04 09:40:59] current working directory : [C:\Users\phikill\Desktop\litepc_reverse\recode\launcher test\re_lpc_launcher\bin\nt_64\]

[2025-11-04 09:41:01] Launcher started successfully
[2025-11-04 09:41:01] current working directory : [C:\Users\phikill\Desktop\litepc_reverse\recode\launcher test\re_lpc_launcher\bin\nt_64\]

[2025-11-04 09:41:01] API Server listening on port 50223
[2025-11-04 09:41:06] Launcher exited because another instance is running
[2025-11-04 09:41:06]  [!ERROR]: window not found - restoration unavailable
[2025-11-04 09:41:06] Failed to restore existing launcher window
[2025-11-04 09:42:52] Launcher started successfully
[2025-11-04 09:42:52] current working directory : [C:\Users\phikill\Desktop\litepc_reverse\recode\launcher test\re_lpc_launcher\bin\nt_64\]

[2025-11-04 09:42:52] API Server listening on port 50229
[2025-11-04 09:42:56] Launcher exited because another instance is running
[2025-11-04 09:42:56]  [!ERROR]: window not found - restoration unavailable
[2025-11-04 09:42:56] Failed to restore existing launcher window
[2025-11-04 09:44:01] Launcher started successfully
[2025-11-04 09:44:01] current working directory : [C:\Users\phikill\Desktop\litepc_reverse\recode\launcher test\re_lpc_launcher\bin\nt_64\]

[2025-11-04 09:44:03] Launcher started successfully
[2025-11-04 09:44:03] current working directory : [C:\Users\phikill\Desktop\litepc_reverse\recode\launcher test\re_lpc_launcher\bin\nt_64\]

[2025-11-04 09:44:04] Launcher started successfully
[2025-11-04 09:44:04] current working directory : [C:\Users\phikill\Desktop\litepc_reverse\recode\launcher test\re_lpc_launcher\bin\nt_64\]

[2025-11-04 09:44:06] Launcher started successfully
[2025-11-04 09:44:06] current working directory : [C:\Users\phikill\Desktop\litepc_reverse\recode\launcher test\re_lpc_launcher\bin\nt_64\]

[2025-11-04 09:44:07] Launcher started successfully
[2025-11-04 09:44:07] current working directory : [C:\Users\phikill\Desktop\litepc_reverse\recode\launcher test\re_lpc_launcher\bin\nt_64\]

[2025-11-04 09:44:07] API Server listening on port 50240
[2025-11-04 09:44:21] Launcher exited because another instance is running
[2025-11-04 09:44:21]  [!ERROR]: window not found - restoration unavailable
[2025-11-04 09:44:21] Failed to restore existing launcher window
[2025-11-04 09:45:42] Launcher started successfully
[2025-11-04 09:45:42] current working directory : [C:\Users\phikill\Desktop\litepc_reverse\recode\launcher test\re_lpc_launcher\bin\nt_64\]

[2025-11-04 09:45:42] API Server listening on port 50254
[2025-11-04 09:45:50] Launcher exited because another instance is running
[2025-11-04 09:45:50]  [!ERROR]: window not found - restoration unavailable
[2025-11-04 09:45:50] Failed to restore existing launcher window
[2025-11-04 09:46:13] Launcher started successfully
[2025-11-04 09:46:13] current working directory : [C:\Users\phikill\Desktop\litepc_reverse\recode\launcher test\re_lpc_launcher\bin\nt_64\]

[2025-11-04 09:46:15] Launcher started successfully
[2025-11-04 09:46:15] current working directory : [C:\Users\phikill\Desktop\litepc_reverse\recode\launcher test\re_lpc_launcher\bin\nt_64\]

[2025-11-04 09:46:16] Launcher started successfully
[2025-11-04 09:46:16] current working directory : [C:\Users\phikill\Desktop\litepc_reverse\recode\launcher test\re_lpc_launcher\bin\nt_64\]

[2025-11-04 09:46:16] API Server listening on port 50260
[2025-11-04 10:55:19] Launcher exited because another instance is running
[2025-11-04 10:55:19]  [!ERROR]: window not found - restoration unavailable
[2025-11-04 10:55:19] Failed to restore existing launcher window
[2025-11-04 10:55:19] Launcher exited because another instance is running
[2025-11-04 10:55:19]  [!ERROR]: window not found - restoration unavailable
[2025-11-04 10:55:19] Failed to restore existing launcher window
[2025-11-04 10:56:31] Launcher started successfully
[2025-11-04 10:56:31] current working directory : [C:\Users\phikill\Desktop\litepc_reverse\recode\launcher test\re_lpc_launcher\bin\nt_64\]

[2025-11-04 10:56:31] API Server listening on port 50365
[2025-11-04 11:01:55] Launcher exited because another instance is running
[2025-11-04 11:01:55]  [!ERROR]: window not found - restoration unavailable
[2025-11-04 11:01:55] Failed to restore existing launcher window
[2025-11-04 12:56:20] Launcher started successfully
[2025-11-04 12:56:20] current working directory : [C:\Users\phikill\Desktop\litepc_reverse\recode\launcher test\re_lpc_launcher\bin\nt_64\]

[2025-11-04 12:56:20] API Server listening on port 50085
[2025-11-04 12:56:29] Launcher exited because another instance is running
[2025-11-04 12:56:29]  [!ERROR]: window not found - restoration unavailable
[2025-11-04 12:56:29] Failed to restore existing launcher window
[2025-11-04 13:43:33] Launcher started successfully
[2025-11-04 13:43:33] current working directory : [C:\Users\phikill\Desktop\litepc_reverse\recode\launcher test\re_lpc_launcher\bin\nt_64\]

[2025-11-04 13:43:33] API Server listening on port 50203
[2025-11-04 14:55:27] Launcher exited because another instance is running
[2025-11-04 14:55:27]  [!ERROR]: window not found - restoration unavailable
[2025-11-04 14:55:27] Failed to restore existing launcher window
[2025-11-04 14:55:29] Launcher exited because another instance is running
[2025-11-04 14:55:29]  [!ERROR]: window not found - restoration unavailable
[2025-11-04 14:55:29] Failed to restore existing launcher window
[2025-11-04 14:55:30] Launcher started successfully
[2025-11-04 14:55:30] current working directory : [C:\Users\phikill\Desktop\litepc_reverse\recode\launcher test\re_lpc_launcher\bin\nt_64\]

[2025-11-04 14:55:30] API Server listening on port 50742
[2025-11-04 14:55:48] Launcher exited because another instance is running
[2025-11-04 14:55:48]  [!ERROR]: window not found - restoration unavailable
[2025-11-04 14:55:48] Failed to restore existing launcher window
[2025-11-04 14:55:49] Launcher exited because another instance is running
[2025-11-04 14:55:49]  [!ERROR]: window not found - restoration unavailable
[2025-11-04 14:55:49] Failed to restore existing launcher window
[2025-11-04 14:55:51] Launcher started successfully
[2025-11-04 14:55:51] current working directory : [C:\Users\phikill\Desktop\litepc_reverse\recode\launcher test\re_lpc_launcher\bin\nt_64\]

[2025-11-04 14:55:51] API Server listening on port 50763
[2025-11-04 14:55:53] Launcher started successfully
[2025-11-04 14:55:53] current working directory : [C:\Users\phikill\Desktop\litepc_reverse\recode\launcher test\re_lpc_launcher\bin\nt_64\]

[2025-11-04 14:55:54] Launcher started successfully
[2025-11-04 14:55:54] current working directory : [C:\Users\phikill\Desktop\litepc_reverse\recode\launcher test\re_lpc_launcher\bin\nt_64\]

[2025-11-04 14:55:54] API Server listening on port 50765
[2025-11-04 14:55:56] Launcher started successfully
[2025-11-04 14:55:56] current working directory : [C:\Users\phikill\Desktop\litepc_reverse\recode\launcher test\re_lpc_launcher\bin\nt_64\]

[2025-11-04 14:55:57] Launcher started successfully
[2025-11-04 14:55:57] current working directory : [C:\Users\phikill\Desktop\litepc_reverse\recode\launcher test\re_lpc_launcher\bin\nt_64\]

[2025-11-04 14:55:57] API Server listening on port 50767
[2025-11-04 14:56:04] Launcher exited because another instance is running
[2025-11-04 14:56:04]  [!ERROR]: window not found - restoration unavailable
[2025-11-04 14:56:04] Failed to restore existing launcher window
[2025-11-04 14:56:41] Launcher started successfully
[2025-11-04 14:56:41] current working directory : [C:\Users\phikill\Desktop\litepc_reverse\recode\launcher test\re_lpc_launcher\bin\nt_64\]

[2025-11-04 14:56:41] API Server listening on port 50791
[2025-11-04 14:56:59] Launcher exited because another instance is running
[2025-11-04 14:56:59]  [!ERROR]: window not found - restoration unavailable
[2025-11-04 14:56:59] Failed to restore existing launcher window
[2025-11-04 14:57:13] Launcher started successfully
[2025-11-04 14:57:13] current working directory : [C:\Users\phikill\Desktop\litepc_reverse\recode\launcher test\re_lpc_launcher\bin\nt_64\]

[2025-11-04 14:57:13] API Server listening on port 50806
[2025-11-04 14:57:23] Launcher exited because another instance is running
[2025-11-04 14:57:23]  [!ERROR]: window not found - restoration unavailable
[2025-11-04 14:57:23] Failed to restore existing launcher window
[2025-11-04 15:19:40] Launcher started successfully
[2025-11-04 15:19:40] current working directory : [C:\Users\phikill\Desktop\litepc_reverse\recode\launcher test\re_lpc_launcher\bin\nt_64\]

[2025-11-04 15:19:40] API Server listening on port 50849
[2025-11-04 15:20:02] Launcher exited because another instance is running
[2025-11-04 15:20:02]  [!ERROR]: window not found - restoration unavailable
[2025-11-04 15:20:02] Failed to restore existing launcher window
[2025-11-04 15:20:23] Launcher started successfully
[2025-11-04 15:20:23] current working directory : [C:\Users\phikill\Desktop\litepc_reverse\recode\launcher test\re_lpc_launcher\bin\nt_64\]

[2025-11-04 15:20:32] Launcher started successfully
[2025-11-04 15:20:32] current working directory : [C:\Users\phikill\Desktop\litepc_reverse\recode\launcher test\re_lpc_launcher\bin\nt_64\]

[2025-11-04 15:20:32] API Server listening on port 50871
[2025-11-04 15:20:44] Launcher exited because another instance is running
[2025-11-04 15:20:44]  [!ERROR]: window not found - restoration unavailable
[2025-11-04 15:20:44] Failed to restore existing launcher window
[2025-11-05 09:32:15] Launcher started successfully
[2025-11-05 09:32:15] current working directory : [C:\Users\phikill\Desktop\litepc_reverse\recode\launcher test\re_lpc_launcher\bin\nt_64\]

[2025-11-05 09:32:15] API Server listening on port 55393
[2025-11-05 09:32:15] Launcher started successfully
[2025-11-05 09:32:15] current working directory : [C:\Users\phikill\Desktop\litepc_reverse\recode\launcher test\re_lpc_launcher\bin\nt_64\]

[2025-11-05 09:32:16] Launcher started successfully
[2025-11-05 09:32:16] current working directory : [C:\Users\phikill\Desktop\litepc_reverse\recode\launcher test\re_lpc_launcher\bin\nt_64\]

[2025-11-05 09:32:16] API Server listening on port 55395
[2025-11-05 09:32:34] Launcher exited because another instance is running
[2025-11-05 09:32:34]  [!ERROR]: window not found - restoration unavailable
[2025-11-05 09:32:34] Failed to restore existing launcher window
[2025-11-05 09:48:41] Launcher started successfully
[2025-11-05 09:48:41] current working directory : [C:\Users\phikill\Desktop\litepc_reverse\recode\launcher test\re_lpc_launcher\bin\nt_64\]

[2025-11-05 09:48:41] API Server listening on port 55442
[2025-11-05 09:48:42] Launcher started successfully
[2025-11-05 09:48:42] current working directory : [C:\Users\phikill\Desktop\litepc_reverse\recode\launcher test\re_lpc_launcher\bin\nt_64\]

[2025-11-05 09:48:42] Launcher started successfully
[2025-11-05 09:48:42] current working directory : [C:\Users\phikill\Desktop\litepc_reverse\recode\launcher test\re_lpc_launcher\bin\nt_64\]

[2025-11-05 09:48:42] API Server listening on port 55444
[2025-11-05 09:48:43] Launcher started successfully
[2025-11-05 09:48:43] current working directory : [C:\Users\phikill\Desktop\litepc_reverse\recode\launcher test\re_lpc_launcher\bin\nt_64\]

[2025-11-05 09:48:44] Launcher started successfully
[2025-11-05 09:48:44] current working directory : [C:\Users\phikill\Desktop\litepc_reverse\recode\launcher test\re_lpc_launcher\bin\nt_64\]

[2025-11-05 09:48:44] API Server listening on port 55446
[2025-11-05 09:50:08] Launcher exited because another instance is running
[2025-11-05 09:50:08]  [!ERROR]: window not found - restoration unavailable
[2025-11-05 09:50:08] Failed to restore existing launcher window
[2025-11-05 09:55:26] Launcher started successfully
[2025-11-05 09:55:26] current working directory : [C:\Users\phikill\Desktop\litepc_reverse\recode\launcher test\re_lpc_launcher\bin\nt_64\]

[2025-11-05 09:55:26] API Server listening on port 55478
[2025-11-05 09:55:26] Launcher started successfully
[2025-11-05 09:55:26] current working directory : [C:\Users\phikill\Desktop\litepc_reverse\recode\launcher test\re_lpc_launcher\bin\nt_64\]

[2025-11-05 09:55:27] Launcher started successfully
[2025-11-05 09:55:27] current working directory : [C:\Users\phikill\Desktop\litepc_reverse\recode\launcher test\re_lpc_launcher\bin\nt_64\]

[2025-11-05 09:55:27] API Server listening on port 55480
[2025-11-05 09:55:36] Launcher exited because another instance is running
[2025-11-05 09:55:36]  [!ERROR]: window not found - restoration unavailable
[2025-11-05 09:55:36] Failed to restore existing launcher window
[2025-11-05 10:05:55] Launcher started successfully
[2025-11-05 10:05:55] current working directory : [C:\Users\phikill\Desktop\litepc_reverse\recode\launcher test\re_lpc_launcher\bin\nt_64\]

[2025-11-05 10:05:55] Launcher started successfully
[2025-11-05 10:05:55] current working directory : [C:\Users\phikill\Desktop\litepc_reverse\recode\launcher test\re_lpc_launcher\bin\nt_64\]

[2025-11-05 10:05:56] Launcher started successfully
[2025-11-05 10:05:56] current working directory : [C:\Users\phikill\Desktop\litepc_reverse\recode\launcher test\re_lpc_launcher\bin\nt_64\]

[2025-11-05 10:05:56] API Server listening on port 55507
[2025-11-05 10:06:07] Launcher exited because another instance is running
[2025-11-05 10:06:07]  [!ERROR]: window not found - restoration unavailable
[2025-11-05 10:06:07] Failed to restore existing launcher window
[2025-11-05 11:20:59] Launcher started successfully
[2025-11-05 11:20:59] current working directory : [C:\Users\phikill\Desktop\litepc_reverse\recode\launcher test\re_lpc_launcher\bin\nt_64\]

[2025-11-05 11:21:20] API Server listening on port 55892
[2025-11-05 11:23:13] Launcher exited because another instance is running
[2025-11-05 11:23:13]  [!ERROR]: window not found - restoration unavailable
[2025-11-05 11:23:13] Failed to restore existing launcher window
