[0803/155637:ERROR:proxy_service_factory.cc(136)] Cannot use V8 Proxy resolver in single process mode.
[0803/155637:WARNING:histograms.cc(40)] Started multiple compositor clients (Browser, Renderer) in one process. Some metrics will be disabled.
[0803/155955:ERROR:proxy_service_factory.cc(136)] Cannot use V8 Proxy resolver in single process mode.
[0803/155955:WARNING:histograms.cc(40)] Started multiple compositor clients (Browser, Renderer) in one process. Some metrics will be disabled.
[0803/160300:ERROR:proxy_service_factory.cc(136)] Cannot use V8 Proxy resolver in single process mode.
[0803/160300:WARNING:histograms.cc(40)] Started multiple compositor clients (Browser, Renderer) in one process. Some metrics will be disabled.
[0803/160346:ERROR:proxy_service_factory.cc(136)] Cannot use V8 Proxy resolver in single process mode.
[0803/160346:WARNING:histograms.cc(40)] Started multiple compositor clients (Browser, Renderer) in one process. Some metrics will be disabled.
[0803/160352:ERROR:proxy_service_factory.cc(136)] Cannot use V8 Proxy resolver in single process mode.
[0803/160352:WARNING:histograms.cc(40)] Started multiple compositor clients (Browser, Renderer) in one process. Some metrics will be disabled.
[0803/161158:ERROR:proxy_service_factory.cc(136)] Cannot use V8 Proxy resolver in single process mode.
[0803/161158:WARNING:histograms.cc(40)] Started multiple compositor clients (Browser, Renderer) in one process. Some metrics will be disabled.
[0803/163527:ERROR:proxy_service_factory.cc(136)] Cannot use V8 Proxy resolver in single process mode.
[0803/163527:WARNING:histograms.cc(40)] Started multiple compositor clients (Browser, Renderer) in one process. Some metrics will be disabled.
[0803/172723:ERROR:proxy_service_factory.cc(136)] Cannot use V8 Proxy resolver in single process mode.
[0803/172723:WARNING:histograms.cc(40)] Started multiple compositor clients (Browser, Renderer) in one process. Some metrics will be disabled.
[0803/172803:ERROR:proxy_service_factory.cc(136)] Cannot use V8 Proxy resolver in single process mode.
[0803/172803:WARNING:histograms.cc(40)] Started multiple compositor clients (Browser, Renderer) in one process. Some metrics will be disabled.
[0803/175949:ERROR:proxy_service_factory.cc(136)] Cannot use V8 Proxy resolver in single process mode.
[0803/175949:WARNING:histograms.cc(40)] Started multiple compositor clients (Browser, Renderer) in one process. Some metrics will be disabled.
[0803/180658:ERROR:proxy_service_factory.cc(136)] Cannot use V8 Proxy resolver in single process mode.
[0803/180658:WARNING:histograms.cc(40)] Started multiple compositor clients (Browser, Renderer) in one process. Some metrics will be disabled.
[0803/180953:ERROR:proxy_service_factory.cc(136)] Cannot use V8 Proxy resolver in single process mode.
[0803/180953:WARNING:histograms.cc(40)] Started multiple compositor clients (Browser, Renderer) in one process. Some metrics will be disabled.
[0803/181333:ERROR:proxy_service_factory.cc(136)] Cannot use V8 Proxy resolver in single process mode.
[0803/181333:WARNING:histograms.cc(40)] Started multiple compositor clients (Browser, Renderer) in one process. Some metrics will be disabled.
[0803/181650:ERROR:proxy_service_factory.cc(136)] Cannot use V8 Proxy resolver in single process mode.
[0803/181650:WARNING:histograms.cc(40)] Started multiple compositor clients (Browser, Renderer) in one process. Some metrics will be disabled.
[0803/181708:ERROR:proxy_service_factory.cc(136)] Cannot use V8 Proxy resolver in single process mode.
[0803/181708:WARNING:histograms.cc(40)] Started multiple compositor clients (Browser, Renderer) in one process. Some metrics will be disabled.
[0803/181803:ERROR:proxy_service_factory.cc(136)] Cannot use V8 Proxy resolver in single process mode.
[0803/181803:WARNING:histograms.cc(40)] Started multiple compositor clients (Browser, Renderer) in one process. Some metrics will be disabled.
[0803/182035:ERROR:proxy_service_factory.cc(136)] Cannot use V8 Proxy resolver in single process mode.
[0803/182035:WARNING:histograms.cc(40)] Started multiple compositor clients (Browser, Renderer) in one process. Some metrics will be disabled.
[0803/182113:ERROR:proxy_service_factory.cc(136)] Cannot use V8 Proxy resolver in single process mode.
[0803/182113:WARNING:histograms.cc(40)] Started multiple compositor clients (Browser, Renderer) in one process. Some metrics will be disabled.
[0803/182140:ERROR:proxy_service_factory.cc(136)] Cannot use V8 Proxy resolver in single process mode.
[0803/182140:WARNING:histograms.cc(40)] Started multiple compositor clients (Browser, Renderer) in one process. Some metrics will be disabled.
[0803/182159:ERROR:proxy_service_factory.cc(136)] Cannot use V8 Proxy resolver in single process mode.
[0803/182159:WARNING:histograms.cc(40)] Started multiple compositor clients (Browser, Renderer) in one process. Some metrics will be disabled.
[0803/184151:ERROR:proxy_service_factory.cc(136)] Cannot use V8 Proxy resolver in single process mode.
[0803/184151:WARNING:histograms.cc(40)] Started multiple compositor clients (Browser, Renderer) in one process. Some metrics will be disabled.
[0803/184311:ERROR:proxy_service_factory.cc(136)] Cannot use V8 Proxy resolver in single process mode.
[0803/184311:WARNING:histograms.cc(40)] Started multiple compositor clients (Browser, Renderer) in one process. Some metrics will be disabled.
[0803/184452:ERROR:proxy_service_factory.cc(136)] Cannot use V8 Proxy resolver in single process mode.
[0803/184452:WARNING:histograms.cc(40)] Started multiple compositor clients (Browser, Renderer) in one process. Some metrics will be disabled.
[0803/184944:ERROR:proxy_service_factory.cc(136)] Cannot use V8 Proxy resolver in single process mode.
[0803/184944:WARNING:histograms.cc(40)] Started multiple compositor clients (Browser, Renderer) in one process. Some metrics will be disabled.
[0803/185358:ERROR:proxy_service_factory.cc(136)] Cannot use V8 Proxy resolver in single process mode.
[0803/185358:WARNING:histograms.cc(40)] Started multiple compositor clients (Browser, Renderer) in one process. Some metrics will be disabled.
[0803/185406:ERROR:proxy_service_factory.cc(136)] Cannot use V8 Proxy resolver in single process mode.
[0803/185407:WARNING:histograms.cc(40)] Started multiple compositor clients (Browser, Renderer) in one process. Some metrics will be disabled.
[0803/185421:ERROR:proxy_service_factory.cc(136)] Cannot use V8 Proxy resolver in single process mode.
[0803/185421:WARNING:histograms.cc(40)] Started multiple compositor clients (Browser, Renderer) in one process. Some metrics will be disabled.
[0803/185503:ERROR:proxy_service_factory.cc(136)] Cannot use V8 Proxy resolver in single process mode.
[0803/185503:WARNING:histograms.cc(40)] Started multiple compositor clients (Browser, Renderer) in one process. Some metrics will be disabled.
[0803/185528:ERROR:proxy_service_factory.cc(136)] Cannot use V8 Proxy resolver in single process mode.
[0803/185528:WARNING:histograms.cc(40)] Started multiple compositor clients (Browser, Renderer) in one process. Some metrics will be disabled.
[0803/185600:ERROR:proxy_service_factory.cc(136)] Cannot use V8 Proxy resolver in single process mode.
[0803/185600:WARNING:histograms.cc(40)] Started multiple compositor clients (Browser, Renderer) in one process. Some metrics will be disabled.
[0803/185632:ERROR:proxy_service_factory.cc(136)] Cannot use V8 Proxy resolver in single process mode.
[0803/185632:WARNING:histograms.cc(40)] Started multiple compositor clients (Browser, Renderer) in one process. Some metrics will be disabled.
[0803/185639:ERROR:proxy_service_factory.cc(136)] Cannot use V8 Proxy resolver in single process mode.
[0803/185639:WARNING:histograms.cc(40)] Started multiple compositor clients (Browser, Renderer) in one process. Some metrics will be disabled.
[0803/185656:ERROR:proxy_service_factory.cc(136)] Cannot use V8 Proxy resolver in single process mode.
[0803/185656:WARNING:histograms.cc(40)] Started multiple compositor clients (Browser, Renderer) in one process. Some metrics will be disabled.
[0803/185710:ERROR:proxy_service_factory.cc(136)] Cannot use V8 Proxy resolver in single process mode.
[0803/185710:WARNING:histograms.cc(40)] Started multiple compositor clients (Browser, Renderer) in one process. Some metrics will be disabled.
[0803/185741:ERROR:proxy_service_factory.cc(136)] Cannot use V8 Proxy resolver in single process mode.
[0803/185741:WARNING:histograms.cc(40)] Started multiple compositor clients (Browser, Renderer) in one process. Some metrics will be disabled.
[0803/185758:ERROR:proxy_service_factory.cc(136)] Cannot use V8 Proxy resolver in single process mode.
[0803/185758:WARNING:histograms.cc(40)] Started multiple compositor clients (Browser, Renderer) in one process. Some metrics will be disabled.
[0803/185826:ERROR:proxy_service_factory.cc(136)] Cannot use V8 Proxy resolver in single process mode.
[0803/185826:WARNING:histograms.cc(40)] Started multiple compositor clients (Browser, Renderer) in one process. Some metrics will be disabled.
[0803/185837:ERROR:proxy_service_factory.cc(136)] Cannot use V8 Proxy resolver in single process mode.
[0803/185837:WARNING:histograms.cc(40)] Started multiple compositor clients (Browser, Renderer) in one process. Some metrics will be disabled.
[0803/185917:ERROR:proxy_service_factory.cc(136)] Cannot use V8 Proxy resolver in single process mode.
[0803/185917:WARNING:histograms.cc(40)] Started multiple compositor clients (Browser, Renderer) in one process. Some metrics will be disabled.
[0803/190025:ERROR:proxy_service_factory.cc(136)] Cannot use V8 Proxy resolver in single process mode.
[0803/190025:WARNING:histograms.cc(40)] Started multiple compositor clients (Browser, Renderer) in one process. Some metrics will be disabled.
[0803/190228:ERROR:proxy_service_factory.cc(136)] Cannot use V8 Proxy resolver in single process mode.
[0803/190228:WARNING:histograms.cc(40)] Started multiple compositor clients (Browser, Renderer) in one process. Some metrics will be disabled.
[0803/190325:ERROR:proxy_service_factory.cc(136)] Cannot use V8 Proxy resolver in single process mode.
[0803/190325:WARNING:histograms.cc(40)] Started multiple compositor clients (Browser, Renderer) in one process. Some metrics will be disabled.
[0803/190636:ERROR:proxy_service_factory.cc(136)] Cannot use V8 Proxy resolver in single process mode.
[0803/190636:WARNING:histograms.cc(40)] Started multiple compositor clients (Browser, Renderer) in one process. Some metrics will be disabled.
[0803/190732:ERROR:proxy_service_factory.cc(136)] Cannot use V8 Proxy resolver in single process mode.
[0803/190732:WARNING:histograms.cc(40)] Started multiple compositor clients (Browser, Renderer) in one process. Some metrics will be disabled.
[0803/190835:ERROR:proxy_service_factory.cc(136)] Cannot use V8 Proxy resolver in single process mode.
[0803/190835:WARNING:histograms.cc(40)] Started multiple compositor clients (Browser, Renderer) in one process. Some metrics will be disabled.
[0803/191101:ERROR:proxy_service_factory.cc(136)] Cannot use V8 Proxy resolver in single process mode.
[0803/191101:WARNING:histograms.cc(40)] Started multiple compositor clients (Browser, Renderer) in one process. Some metrics will be disabled.
[0803/191805:ERROR:proxy_service_factory.cc(136)] Cannot use V8 Proxy resolver in single process mode.
[0803/191805:WARNING:histograms.cc(40)] Started multiple compositor clients (Browser, Renderer) in one process. Some metrics will be disabled.
[0803/192210:ERROR:proxy_service_factory.cc(136)] Cannot use V8 Proxy resolver in single process mode.
[0803/192210:WARNING:histograms.cc(40)] Started multiple compositor clients (Browser, Renderer) in one process. Some metrics will be disabled.
[0803/192254:ERROR:proxy_service_factory.cc(136)] Cannot use V8 Proxy resolver in single process mode.
[0803/192254:WARNING:histograms.cc(40)] Started multiple compositor clients (Browser, Renderer) in one process. Some metrics will be disabled.
[0803/192309:ERROR:proxy_service_factory.cc(136)] Cannot use V8 Proxy resolver in single process mode.
[0803/192309:WARNING:histograms.cc(40)] Started multiple compositor clients (Browser, Renderer) in one process. Some metrics will be disabled.
[0803/192324:ERROR:proxy_service_factory.cc(136)] Cannot use V8 Proxy resolver in single process mode.
[0803/192324:WARNING:histograms.cc(40)] Started multiple compositor clients (Browser, Renderer) in one process. Some metrics will be disabled.
[0803/192430:ERROR:proxy_service_factory.cc(136)] Cannot use V8 Proxy resolver in single process mode.
[0803/192430:WARNING:histograms.cc(40)] Started multiple compositor clients (Browser, Renderer) in one process. Some metrics will be disabled.
[0803/192511:ERROR:proxy_service_factory.cc(136)] Cannot use V8 Proxy resolver in single process mode.
[0803/192511:WARNING:histograms.cc(40)] Started multiple compositor clients (Browser, Renderer) in one process. Some metrics will be disabled.
[0803/192609:ERROR:proxy_service_factory.cc(136)] Cannot use V8 Proxy resolver in single process mode.
[0803/192609:WARNING:histograms.cc(40)] Started multiple compositor clients (Browser, Renderer) in one process. Some metrics will be disabled.
[0803/192845:ERROR:proxy_service_factory.cc(136)] Cannot use V8 Proxy resolver in single process mode.
[0803/192845:WARNING:histograms.cc(40)] Started multiple compositor clients (Browser, Renderer) in one process. Some metrics will be disabled.
[0803/192924:ERROR:proxy_service_factory.cc(136)] Cannot use V8 Proxy resolver in single process mode.
[0803/192924:WARNING:histograms.cc(40)] Started multiple compositor clients (Browser, Renderer) in one process. Some metrics will be disabled.
[0803/193422:ERROR:proxy_service_factory.cc(136)] Cannot use V8 Proxy resolver in single process mode.
[0803/193422:WARNING:histograms.cc(40)] Started multiple compositor clients (Browser, Renderer) in one process. Some metrics will be disabled.
[0803/193426:ERROR:proxy_service_factory.cc(136)] Cannot use V8 Proxy resolver in single process mode.
[0803/193426:WARNING:histograms.cc(40)] Started multiple compositor clients (Browser, Renderer) in one process. Some metrics will be disabled.
[0803/193446:ERROR:proxy_service_factory.cc(136)] Cannot use V8 Proxy resolver in single process mode.
[0803/193446:WARNING:histograms.cc(40)] Started multiple compositor clients (Browser, Renderer) in one process. Some metrics will be disabled.
[0803/193449:ERROR:proxy_service_factory.cc(136)] Cannot use V8 Proxy resolver in single process mode.
[0803/193449:WARNING:histograms.cc(40)] Started multiple compositor clients (Browser, Renderer) in one process. Some metrics will be disabled.
[0803/193454:ERROR:proxy_service_factory.cc(136)] Cannot use V8 Proxy resolver in single process mode.
[0803/193454:WARNING:histograms.cc(40)] Started multiple compositor clients (Browser, Renderer) in one process. Some metrics will be disabled.
[0803/194400:ERROR:proxy_service_factory.cc(136)] Cannot use V8 Proxy resolver in single process mode.
[0803/194400:WARNING:histograms.cc(40)] Started multiple compositor clients (Browser, Renderer) in one process. Some metrics will be disabled.
[0803/194855:ERROR:proxy_service_factory.cc(136)] Cannot use V8 Proxy resolver in single process mode.
[0803/194855:WARNING:histograms.cc(40)] Started multiple compositor clients (Browser, Renderer) in one process. Some metrics will be disabled.
[0803/194955:ERROR:proxy_service_factory.cc(136)] Cannot use V8 Proxy resolver in single process mode.
[0803/194955:WARNING:histograms.cc(40)] Started multiple compositor clients (Browser, Renderer) in one process. Some metrics will be disabled.
[0804/195332:ERROR:proxy_service_factory.cc(136)] Cannot use V8 Proxy resolver in single process mode.
[0804/195332:WARNING:histograms.cc(40)] Started multiple compositor clients (Browser, Renderer) in one process. Some metrics will be disabled.
[0804/200249:ERROR:proxy_service_factory.cc(136)] Cannot use V8 Proxy resolver in single process mode.
[0804/200249:WARNING:histograms.cc(40)] Started multiple compositor clients (Browser, Renderer) in one process. Some metrics will be disabled.
[0804/200823:ERROR:proxy_service_factory.cc(136)] Cannot use V8 Proxy resolver in single process mode.
[0804/200823:WARNING:histograms.cc(40)] Started multiple compositor clients (Browser, Renderer) in one process. Some metrics will be disabled.
[0804/200853:ERROR:proxy_service_factory.cc(136)] Cannot use V8 Proxy resolver in single process mode.
[0804/200853:WARNING:histograms.cc(40)] Started multiple compositor clients (Browser, Renderer) in one process. Some metrics will be disabled.
[0804/200918:WARNING:raw_channel_win.cc(532)] WriteFile: O pipe está sendo fechado. (0xE8)
[0804/201127:ERROR:proxy_service_factory.cc(136)] Cannot use V8 Proxy resolver in single process mode.
[0804/201127:WARNING:histograms.cc(40)] Started multiple compositor clients (Browser, Renderer) in one process. Some metrics will be disabled.
[0804/201128:ERROR:proxy_service_factory.cc(136)] Cannot use V8 Proxy resolver in single process mode.
[0804/201128:WARNING:histograms.cc(40)] Started multiple compositor clients (Browser, Renderer) in one process. Some metrics will be disabled.
[0804/201306:ERROR:proxy_service_factory.cc(136)] Cannot use V8 Proxy resolver in single process mode.
[0804/201306:WARNING:histograms.cc(40)] Started multiple compositor clients (Browser, Renderer) in one process. Some metrics will be disabled.
[0804/201309:ERROR:proxy_service_factory.cc(136)] Cannot use V8 Proxy resolver in single process mode.
[0804/201309:WARNING:histograms.cc(40)] Started multiple compositor clients (Browser, Renderer) in one process. Some metrics will be disabled.
[0804/201327:WARNING:raw_channel_win.cc(532)] WriteFile: O pipe está sendo fechado. (0xE8)
[0804/201331:ERROR:proxy_service_factory.cc(136)] Cannot use V8 Proxy resolver in single process mode.
[0804/201331:WARNING:histograms.cc(40)] Started multiple compositor clients (Browser, Renderer) in one process. Some metrics will be disabled.
[0804/201335:WARNING:raw_channel_win.cc(532)] WriteFile: O pipe está sendo fechado. (0xE8)
[0804/201627:ERROR:proxy_service_factory.cc(136)] Cannot use V8 Proxy resolver in single process mode.
[0804/201627:WARNING:histograms.cc(40)] Started multiple compositor clients (Browser, Renderer) in one process. Some metrics will be disabled.
[0804/201632:WARNING:raw_channel_win.cc(532)] WriteFile: O pipe está sendo fechado. (0xE8)
[0804/201710:ERROR:proxy_service_factory.cc(136)] Cannot use V8 Proxy resolver in single process mode.
[0804/201710:WARNING:histograms.cc(40)] Started multiple compositor clients (Browser, Renderer) in one process. Some metrics will be disabled.
[0804/201751:WARNING:raw_channel_win.cc(532)] WriteFile: O pipe está sendo fechado. (0xE8)
[0804/201850:ERROR:proxy_service_factory.cc(136)] Cannot use V8 Proxy resolver in single process mode.
[0804/201850:WARNING:histograms.cc(40)] Started multiple compositor clients (Browser, Renderer) in one process. Some metrics will be disabled.
[0804/202342:ERROR:proxy_service_factory.cc(136)] Cannot use V8 Proxy resolver in single process mode.
[0804/202342:WARNING:histograms.cc(40)] Started multiple compositor clients (Browser, Renderer) in one process. Some metrics will be disabled.
[0804/202401:WARNING:raw_channel_win.cc(532)] WriteFile: O pipe está sendo fechado. (0xE8)
[0804/202410:ERROR:proxy_service_factory.cc(136)] Cannot use V8 Proxy resolver in single process mode.
[0804/202410:WARNING:histograms.cc(40)] Started multiple compositor clients (Browser, Renderer) in one process. Some metrics will be disabled.
[0804/202617:WARNING:raw_channel_win.cc(532)] WriteFile: O pipe está sendo fechado. (0xE8)
[0804/202814:ERROR:proxy_service_factory.cc(136)] Cannot use V8 Proxy resolver in single process mode.
[0804/202814:WARNING:histograms.cc(40)] Started multiple compositor clients (Browser, Renderer) in one process. Some metrics will be disabled.
[0804/202844:WARNING:raw_channel_win.cc(532)] WriteFile: O pipe está sendo fechado. (0xE8)
[0804/202939:ERROR:proxy_service_factory.cc(136)] Cannot use V8 Proxy resolver in single process mode.
[0804/202939:WARNING:histograms.cc(40)] Started multiple compositor clients (Browser, Renderer) in one process. Some metrics will be disabled.
[0804/202943:WARNING:raw_channel_win.cc(532)] WriteFile: O pipe está sendo fechado. (0xE8)
[0804/203317:ERROR:proxy_service_factory.cc(136)] Cannot use V8 Proxy resolver in single process mode.
[0804/203317:WARNING:histograms.cc(40)] Started multiple compositor clients (Browser, Renderer) in one process. Some metrics will be disabled.
[0804/203332:ERROR:proxy_service_factory.cc(136)] Cannot use V8 Proxy resolver in single process mode.
[0804/203332:WARNING:histograms.cc(40)] Started multiple compositor clients (Browser, Renderer) in one process. Some metrics will be disabled.
[0804/203351:ERROR:proxy_service_factory.cc(136)] Cannot use V8 Proxy resolver in single process mode.
[0804/203351:WARNING:histograms.cc(40)] Started multiple compositor clients (Browser, Renderer) in one process. Some metrics will be disabled.
[0804/203520:WARNING:raw_channel_win.cc(532)] WriteFile: O pipe está sendo fechado. (0xE8)
[0804/203539:ERROR:proxy_service_factory.cc(136)] Cannot use V8 Proxy resolver in single process mode.
[0804/203539:WARNING:histograms.cc(40)] Started multiple compositor clients (Browser, Renderer) in one process. Some metrics will be disabled.
[0804/203708:WARNING:raw_channel_win.cc(532)] WriteFile: O pipe está sendo fechado. (0xE8)
[0804/203753:ERROR:proxy_service_factory.cc(136)] Cannot use V8 Proxy resolver in single process mode.
[0804/203753:WARNING:histograms.cc(40)] Started multiple compositor clients (Browser, Renderer) in one process. Some metrics will be disabled.
[0804/203753:ERROR:angle_platform_impl.cc(33)] ANGLE Display::initialize error 4: Could not create D3D11 device.
[0804/203753:ERROR:gl_surface_egl.cc(513)] eglInitialize D3D11 failed with error EGL_NOT_INITIALIZED, trying next display type
[0804/203754:ERROR:angle_platform_impl.cc(33)] ANGLE Display::initialize error 6: CreateDevice2 failed: device lost, not available, or of out of memory
[0804/203754:ERROR:gl_surface_egl.cc(513)] eglInitialize D3D9 failed with error EGL_BAD_ALLOC
[0804/203754:ERROR:angle_platform_impl.cc(33)] ANGLE Display::initialize error 4: Could not create D3D11 device.
[0804/203754:ERROR:gl_surface_egl.cc(513)] eglInitialize D3D11 failed with error EGL_NOT_INITIALIZED, trying next display type
[0804/203754:ERROR:angle_platform_impl.cc(33)] ANGLE Display::initialize error 6: CreateDevice2 failed: device lost, not available, or of out of memory
[0804/203754:ERROR:gl_surface_egl.cc(513)] eglInitialize D3D9 failed with error EGL_BAD_ALLOC
[0804/203754:ERROR:gl_surface_win.cc(67)] GLSurfaceEGL::InitializeOneOff failed.
[0804/203754:ERROR:command_buffer_proxy_impl.cc(201)] Failed to initialize command buffer service.
[0804/203754:ERROR:command_buffer_proxy_impl.cc(201)] Failed to initialize command buffer service.
[0804/203754:ERROR:webgraphicscontext3d_command_buffer_impl.cc(210)] CommandBufferProxy::Initialize failed.
[0804/203754:ERROR:webgraphicscontext3d_command_buffer_impl.cc(210)] CommandBufferProxy::Initialize failed.
[0804/203754:ERROR:webgraphicscontext3d_command_buffer_impl.cc(229)] Failed to initialize command buffer.
[0804/203754:ERROR:webgraphicscontext3d_command_buffer_impl.cc(229)] Failed to initialize command buffer.
[0804/203754:ERROR:command_buffer_proxy_impl.cc(201)] Failed to initialize command buffer service.
[0804/203754:ERROR:webgraphicscontext3d_command_buffer_impl.cc(210)] CommandBufferProxy::Initialize failed.
[0804/203754:ERROR:webgraphicscontext3d_command_buffer_impl.cc(229)] Failed to initialize command buffer.
[0804/203754:ERROR:command_buffer_proxy_impl.cc(201)] Failed to initialize command buffer service.
[0804/203754:ERROR:command_buffer_proxy_impl.cc(201)] Failed to initialize command buffer service.
[0804/203754:ERROR:webgraphicscontext3d_command_buffer_impl.cc(210)] CommandBufferProxy::Initialize failed.
[0804/203754:ERROR:webgraphicscontext3d_command_buffer_impl.cc(210)] CommandBufferProxy::Initialize failed.
[0804/203754:ERROR:webgraphicscontext3d_command_buffer_impl.cc(229)] Failed to initialize command buffer.
[0804/203754:ERROR:webgraphicscontext3d_command_buffer_impl.cc(229)] Failed to initialize command buffer.
[0804/203754:ERROR:command_buffer_proxy_impl.cc(201)] Failed to initialize command buffer service.
[0804/203754:ERROR:command_buffer_proxy_impl.cc(201)] Failed to initialize command buffer service.
[0804/203754:ERROR:webgraphicscontext3d_command_buffer_impl.cc(210)] CommandBufferProxy::Initialize failed.
[0804/203754:ERROR:webgraphicscontext3d_command_buffer_impl.cc(210)] CommandBufferProxy::Initialize failed.
[0804/203754:ERROR:webgraphicscontext3d_command_buffer_impl.cc(229)] Failed to initialize command buffer.
[0804/203754:ERROR:webgraphicscontext3d_command_buffer_impl.cc(229)] Failed to initialize command buffer.
[0804/203754:ERROR:command_buffer_proxy_impl.cc(201)] Failed to initialize command buffer service.
[0804/203754:ERROR:webgraphicscontext3d_command_buffer_impl.cc(210)] CommandBufferProxy::Initialize failed.
[0804/203754:ERROR:command_buffer_proxy_impl.cc(201)] Failed to initialize command buffer service.
[0804/203754:ERROR:webgraphicscontext3d_command_buffer_impl.cc(229)] Failed to initialize command buffer.
[0804/203754:ERROR:webgraphicscontext3d_command_buffer_impl.cc(210)] CommandBufferProxy::Initialize failed.
[0804/203754:ERROR:webgraphicscontext3d_command_buffer_impl.cc(229)] Failed to initialize command buffer.
[0804/203754:ERROR:command_buffer_proxy_impl.cc(201)] Failed to initialize command buffer service.
[0804/203754:ERROR:webgraphicscontext3d_command_buffer_impl.cc(210)] CommandBufferProxy::Initialize failed.
[0804/203754:ERROR:webgraphicscontext3d_command_buffer_impl.cc(229)] Failed to initialize command buffer.
[0804/203754:ERROR:command_buffer_proxy_impl.cc(201)] Failed to initialize command buffer service.
[0804/203754:ERROR:webgraphicscontext3d_command_buffer_impl.cc(210)] CommandBufferProxy::Initialize failed.
[0804/203754:ERROR:webgraphicscontext3d_command_buffer_impl.cc(229)] Failed to initialize command buffer.
[0804/203754:ERROR:command_buffer_proxy_impl.cc(201)] Failed to initialize command buffer service.
[0804/203754:ERROR:webgraphicscontext3d_command_buffer_impl.cc(210)] CommandBufferProxy::Initialize failed.
[0804/203754:ERROR:webgraphicscontext3d_command_buffer_impl.cc(229)] Failed to initialize command buffer.
[0804/203754:ERROR:command_buffer_proxy_impl.cc(201)] Failed to initialize command buffer service.
[0804/203754:ERROR:webgraphicscontext3d_command_buffer_impl.cc(210)] CommandBufferProxy::Initialize failed.
[0804/203754:ERROR:webgraphicscontext3d_command_buffer_impl.cc(229)] Failed to initialize command buffer.
[0804/203754:ERROR:command_buffer_proxy_impl.cc(201)] Failed to initialize command buffer service.
[0804/203754:ERROR:webgraphicscontext3d_command_buffer_impl.cc(210)] CommandBufferProxy::Initialize failed.
[0804/203754:ERROR:webgraphicscontext3d_command_buffer_impl.cc(229)] Failed to initialize command buffer.
[0804/203806:ERROR:proxy_service_factory.cc(136)] Cannot use V8 Proxy resolver in single process mode.
[0804/203806:WARNING:histograms.cc(40)] Started multiple compositor clients (Browser, Renderer) in one process. Some metrics will be disabled.
[0804/203826:ERROR:proxy_service_factory.cc(136)] Cannot use V8 Proxy resolver in single process mode.
[0804/203826:WARNING:histograms.cc(40)] Started multiple compositor clients (Browser, Renderer) in one process. Some metrics will be disabled.
[0804/204002:ERROR:proxy_service_factory.cc(136)] Cannot use V8 Proxy resolver in single process mode.
[0804/204002:WARNING:histograms.cc(40)] Started multiple compositor clients (Browser, Renderer) in one process. Some metrics will be disabled.
[0804/204306:WARNING:raw_channel_win.cc(532)] WriteFile: O pipe está sendo fechado. (0xE8)
[0804/204312:ERROR:proxy_service_factory.cc(136)] Cannot use V8 Proxy resolver in single process mode.
[0804/204312:WARNING:histograms.cc(40)] Started multiple compositor clients (Browser, Renderer) in one process. Some metrics will be disabled.
[0804/204320:ERROR:proxy_service_factory.cc(136)] Cannot use V8 Proxy resolver in single process mode.
[0804/204320:WARNING:histograms.cc(40)] Started multiple compositor clients (Browser, Renderer) in one process. Some metrics will be disabled.
[0804/204328:ERROR:proxy_service_factory.cc(136)] Cannot use V8 Proxy resolver in single process mode.
[0804/204328:WARNING:histograms.cc(40)] Started multiple compositor clients (Browser, Renderer) in one process. Some metrics will be disabled.
[0804/204331:ERROR:proxy_service_factory.cc(136)] Cannot use V8 Proxy resolver in single process mode.
[0804/204331:WARNING:histograms.cc(40)] Started multiple compositor clients (Browser, Renderer) in one process. Some metrics will be disabled.
[0804/204444:ERROR:proxy_service_factory.cc(136)] Cannot use V8 Proxy resolver in single process mode.
[0804/204444:WARNING:histograms.cc(40)] Started multiple compositor clients (Browser, Renderer) in one process. Some metrics will be disabled.
[0804/204459:WARNING:raw_channel_win.cc(532)] WriteFile: O pipe está sendo fechado. (0xE8)
[0804/204501:ERROR:proxy_service_factory.cc(136)] Cannot use V8 Proxy resolver in single process mode.
[0804/204501:WARNING:histograms.cc(40)] Started multiple compositor clients (Browser, Renderer) in one process. Some metrics will be disabled.
[0804/204509:ERROR:proxy_service_factory.cc(136)] Cannot use V8 Proxy resolver in single process mode.
[0804/204509:WARNING:histograms.cc(40)] Started multiple compositor clients (Browser, Renderer) in one process. Some metrics will be disabled.
[0804/204512:ERROR:proxy_service_factory.cc(136)] Cannot use V8 Proxy resolver in single process mode.
[0804/204512:WARNING:histograms.cc(40)] Started multiple compositor clients (Browser, Renderer) in one process. Some metrics will be disabled.
[0804/204515:ERROR:proxy_service_factory.cc(136)] Cannot use V8 Proxy resolver in single process mode.
[0804/204515:WARNING:histograms.cc(40)] Started multiple compositor clients (Browser, Renderer) in one process. Some metrics will be disabled.
[0804/204517:ERROR:proxy_service_factory.cc(136)] Cannot use V8 Proxy resolver in single process mode.
[0804/204517:WARNING:histograms.cc(40)] Started multiple compositor clients (Browser, Renderer) in one process. Some metrics will be disabled.
[0804/204539:ERROR:proxy_service_factory.cc(136)] Cannot use V8 Proxy resolver in single process mode.
[0804/204539:WARNING:histograms.cc(40)] Started multiple compositor clients (Browser, Renderer) in one process. Some metrics will be disabled.
[0804/204543:WARNING:raw_channel_win.cc(532)] WriteFile: O pipe está sendo fechado. (0xE8)
[0804/204546:ERROR:proxy_service_factory.cc(136)] Cannot use V8 Proxy resolver in single process mode.
[0804/204546:WARNING:histograms.cc(40)] Started multiple compositor clients (Browser, Renderer) in one process. Some metrics will be disabled.
[0804/204546:ERROR:angle_platform_impl.cc(33)] ANGLE Display::initialize error 4: Could not create D3D11 device.
[0804/204546:ERROR:gl_surface_egl.cc(513)] eglInitialize D3D11 failed with error EGL_NOT_INITIALIZED, trying next display type
[0804/204546:ERROR:angle_platform_impl.cc(33)] ANGLE Display::initialize error 6: CreateDevice2 failed: device lost, not available, or of out of memory
[0804/204546:ERROR:gl_surface_egl.cc(513)] eglInitialize D3D9 failed with error EGL_BAD_ALLOC
[0804/204546:ERROR:angle_platform_impl.cc(33)] ANGLE Display::initialize error 4: Could not create D3D11 device.
[0804/204546:ERROR:gl_surface_egl.cc(513)] eglInitialize D3D11 failed with error EGL_NOT_INITIALIZED, trying next display type
[0804/204546:ERROR:angle_platform_impl.cc(33)] ANGLE Display::initialize error 6: CreateDevice2 failed: device lost, not available, or of out of memory
[0804/204546:ERROR:gl_surface_egl.cc(513)] eglInitialize D3D9 failed with error EGL_BAD_ALLOC
[0804/204546:ERROR:gl_surface_win.cc(67)] GLSurfaceEGL::InitializeOneOff failed.
[0804/204546:ERROR:command_buffer_proxy_impl.cc(201)] Failed to initialize command buffer service.
[0804/204546:ERROR:command_buffer_proxy_impl.cc(201)] Failed to initialize command buffer service.
[0804/204546:ERROR:webgraphicscontext3d_command_buffer_impl.cc(210)] CommandBufferProxy::Initialize failed.
[0804/204546:ERROR:webgraphicscontext3d_command_buffer_impl.cc(210)] CommandBufferProxy::Initialize failed.
[0804/204546:ERROR:webgraphicscontext3d_command_buffer_impl.cc(229)] Failed to initialize command buffer.
[0804/204546:ERROR:webgraphicscontext3d_command_buffer_impl.cc(229)] Failed to initialize command buffer.
[0804/204546:ERROR:command_buffer_proxy_impl.cc(201)] Failed to initialize command buffer service.
[0804/204546:ERROR:webgraphicscontext3d_command_buffer_impl.cc(210)] CommandBufferProxy::Initialize failed.
[0804/204546:ERROR:webgraphicscontext3d_command_buffer_impl.cc(229)] Failed to initialize command buffer.
[0804/204546:ERROR:command_buffer_proxy_impl.cc(201)] Failed to initialize command buffer service.
[0804/204546:ERROR:webgraphicscontext3d_command_buffer_impl.cc(210)] CommandBufferProxy::Initialize failed.
[0804/204546:ERROR:webgraphicscontext3d_command_buffer_impl.cc(229)] Failed to initialize command buffer.
[0804/204546:ERROR:command_buffer_proxy_impl.cc(201)] Failed to initialize command buffer service.
[0804/204546:ERROR:command_buffer_proxy_impl.cc(201)] Failed to initialize command buffer service.
[0804/204546:ERROR:webgraphicscontext3d_command_buffer_impl.cc(210)] CommandBufferProxy::Initialize failed.
[0804/204546:ERROR:webgraphicscontext3d_command_buffer_impl.cc(210)] CommandBufferProxy::Initialize failed.
[0804/204546:ERROR:webgraphicscontext3d_command_buffer_impl.cc(229)] Failed to initialize command buffer.
[0804/204546:ERROR:webgraphicscontext3d_command_buffer_impl.cc(229)] Failed to initialize command buffer.
[0804/204546:ERROR:command_buffer_proxy_impl.cc(201)] Failed to initialize command buffer service.
[0804/204546:ERROR:command_buffer_proxy_impl.cc(201)] Failed to initialize command buffer service.
[0804/204546:ERROR:webgraphicscontext3d_command_buffer_impl.cc(210)] CommandBufferProxy::Initialize failed.
[0804/204546:ERROR:webgraphicscontext3d_command_buffer_impl.cc(210)] CommandBufferProxy::Initialize failed.
[0804/204546:ERROR:webgraphicscontext3d_command_buffer_impl.cc(229)] Failed to initialize command buffer.
[0804/204546:ERROR:webgraphicscontext3d_command_buffer_impl.cc(229)] Failed to initialize command buffer.
[0804/204546:ERROR:command_buffer_proxy_impl.cc(201)] Failed to initialize command buffer service.
[0804/204546:ERROR:webgraphicscontext3d_command_buffer_impl.cc(210)] CommandBufferProxy::Initialize failed.
[0804/204546:ERROR:webgraphicscontext3d_command_buffer_impl.cc(229)] Failed to initialize command buffer.
[0804/204546:ERROR:command_buffer_proxy_impl.cc(201)] Failed to initialize command buffer service.
[0804/204546:ERROR:webgraphicscontext3d_command_buffer_impl.cc(210)] CommandBufferProxy::Initialize failed.
[0804/204546:ERROR:webgraphicscontext3d_command_buffer_impl.cc(229)] Failed to initialize command buffer.
[0804/204546:ERROR:command_buffer_proxy_impl.cc(201)] Failed to initialize command buffer service.
[0804/204546:ERROR:webgraphicscontext3d_command_buffer_impl.cc(210)] CommandBufferProxy::Initialize failed.
[0804/204546:ERROR:webgraphicscontext3d_command_buffer_impl.cc(229)] Failed to initialize command buffer.
[0804/204546:ERROR:command_buffer_proxy_impl.cc(201)] Failed to initialize command buffer service.
[0804/204546:ERROR:webgraphicscontext3d_command_buffer_impl.cc(210)] CommandBufferProxy::Initialize failed.
[0804/204546:ERROR:webgraphicscontext3d_command_buffer_impl.cc(229)] Failed to initialize command buffer.
[0804/204546:ERROR:command_buffer_proxy_impl.cc(201)] Failed to initialize command buffer service.
[0804/204546:ERROR:webgraphicscontext3d_command_buffer_impl.cc(210)] CommandBufferProxy::Initialize failed.
[0804/204546:ERROR:webgraphicscontext3d_command_buffer_impl.cc(229)] Failed to initialize command buffer.
[0804/204546:ERROR:command_buffer_proxy_impl.cc(201)] Failed to initialize command buffer service.
[0804/204546:ERROR:webgraphicscontext3d_command_buffer_impl.cc(210)] CommandBufferProxy::Initialize failed.
[0804/204546:ERROR:webgraphicscontext3d_command_buffer_impl.cc(229)] Failed to initialize command buffer.
[0804/204721:ERROR:proxy_service_factory.cc(136)] Cannot use V8 Proxy resolver in single process mode.
[0804/204721:WARNING:histograms.cc(40)] Started multiple compositor clients (Browser, Renderer) in one process. Some metrics will be disabled.
[0804/204726:ERROR:proxy_service_factory.cc(136)] Cannot use V8 Proxy resolver in single process mode.
[0804/204726:WARNING:histograms.cc(40)] Started multiple compositor clients (Browser, Renderer) in one process. Some metrics will be disabled.
[0804/204729:ERROR:proxy_service_factory.cc(136)] Cannot use V8 Proxy resolver in single process mode.
[0804/204729:WARNING:histograms.cc(40)] Started multiple compositor clients (Browser, Renderer) in one process. Some metrics will be disabled.
[0804/204731:ERROR:proxy_service_factory.cc(136)] Cannot use V8 Proxy resolver in single process mode.
[0804/204731:WARNING:histograms.cc(40)] Started multiple compositor clients (Browser, Renderer) in one process. Some metrics will be disabled.
[0804/204800:ERROR:proxy_service_factory.cc(136)] Cannot use V8 Proxy resolver in single process mode.
[0804/204800:WARNING:histograms.cc(40)] Started multiple compositor clients (Browser, Renderer) in one process. Some metrics will be disabled.
[0804/204803:ERROR:proxy_service_factory.cc(136)] Cannot use V8 Proxy resolver in single process mode.
[0804/204803:WARNING:histograms.cc(40)] Started multiple compositor clients (Browser, Renderer) in one process. Some metrics will be disabled.
[0804/204830:ERROR:proxy_service_factory.cc(136)] Cannot use V8 Proxy resolver in single process mode.
[0804/204830:WARNING:histograms.cc(40)] Started multiple compositor clients (Browser, Renderer) in one process. Some metrics will be disabled.
[0804/204835:ERROR:proxy_service_factory.cc(136)] Cannot use V8 Proxy resolver in single process mode.
[0804/204835:WARNING:histograms.cc(40)] Started multiple compositor clients (Browser, Renderer) in one process. Some metrics will be disabled.
[0804/204839:ERROR:proxy_service_factory.cc(136)] Cannot use V8 Proxy resolver in single process mode.
[0804/204839:WARNING:histograms.cc(40)] Started multiple compositor clients (Browser, Renderer) in one process. Some metrics will be disabled.
[0804/205318:ERROR:proxy_service_factory.cc(136)] Cannot use V8 Proxy resolver in single process mode.
[0804/205318:WARNING:histograms.cc(40)] Started multiple compositor clients (Browser, Renderer) in one process. Some metrics will be disabled.
[0804/205319:ERROR:angle_platform_impl.cc(33)] ANGLE Display::initialize error 4: Could not create D3D11 device.
[0804/205319:ERROR:gl_surface_egl.cc(513)] eglInitialize D3D11 failed with error EGL_NOT_INITIALIZED, trying next display type
[0804/205319:ERROR:angle_platform_impl.cc(33)] ANGLE Display::initialize error 6: CreateDevice2 failed: device lost, not available, or of out of memory
[0804/205319:ERROR:gl_surface_egl.cc(513)] eglInitialize D3D9 failed with error EGL_BAD_ALLOC
[0804/205319:ERROR:angle_platform_impl.cc(33)] ANGLE Display::initialize error 4: Could not create D3D11 device.
[0804/205319:ERROR:gl_surface_egl.cc(513)] eglInitialize D3D11 failed with error EGL_NOT_INITIALIZED, trying next display type
[0804/205319:ERROR:angle_platform_impl.cc(33)] ANGLE Display::initialize error 6: CreateDevice2 failed: device lost, not available, or of out of memory
[0804/205319:ERROR:gl_surface_egl.cc(513)] eglInitialize D3D9 failed with error EGL_BAD_ALLOC
[0804/205319:ERROR:gl_surface_win.cc(67)] GLSurfaceEGL::InitializeOneOff failed.
[0804/205319:ERROR:command_buffer_proxy_impl.cc(201)] Failed to initialize command buffer service.
[0804/205319:ERROR:command_buffer_proxy_impl.cc(201)] Failed to initialize command buffer service.
[0804/205319:ERROR:webgraphicscontext3d_command_buffer_impl.cc(210)] CommandBufferProxy::Initialize failed.
[0804/205319:ERROR:webgraphicscontext3d_command_buffer_impl.cc(210)] CommandBufferProxy::Initialize failed.
[0804/205319:ERROR:webgraphicscontext3d_command_buffer_impl.cc(229)] Failed to initialize command buffer.
[0804/205319:ERROR:webgraphicscontext3d_command_buffer_impl.cc(229)] Failed to initialize command buffer.
[0804/205319:ERROR:command_buffer_proxy_impl.cc(201)] Failed to initialize command buffer service.
[0804/205319:ERROR:webgraphicscontext3d_command_buffer_impl.cc(210)] CommandBufferProxy::Initialize failed.
[0804/205319:ERROR:webgraphicscontext3d_command_buffer_impl.cc(229)] Failed to initialize command buffer.
[0804/205319:ERROR:command_buffer_proxy_impl.cc(201)] Failed to initialize command buffer service.
[0804/205319:ERROR:command_buffer_proxy_impl.cc(201)] Failed to initialize command buffer service.
[0804/205319:ERROR:webgraphicscontext3d_command_buffer_impl.cc(210)] CommandBufferProxy::Initialize failed.
[0804/205319:ERROR:webgraphicscontext3d_command_buffer_impl.cc(210)] CommandBufferProxy::Initialize failed.
[0804/205319:ERROR:webgraphicscontext3d_command_buffer_impl.cc(229)] Failed to initialize command buffer.
[0804/205319:ERROR:webgraphicscontext3d_command_buffer_impl.cc(229)] Failed to initialize command buffer.
[0804/205319:ERROR:command_buffer_proxy_impl.cc(201)] Failed to initialize command buffer service.
[0804/205319:ERROR:command_buffer_proxy_impl.cc(201)] Failed to initialize command buffer service.
[0804/205319:ERROR:webgraphicscontext3d_command_buffer_impl.cc(210)] CommandBufferProxy::Initialize failed.
[0804/205319:ERROR:webgraphicscontext3d_command_buffer_impl.cc(210)] CommandBufferProxy::Initialize failed.
[0804/205319:ERROR:webgraphicscontext3d_command_buffer_impl.cc(229)] Failed to initialize command buffer.
[0804/205319:ERROR:webgraphicscontext3d_command_buffer_impl.cc(229)] Failed to initialize command buffer.
[0804/205319:ERROR:command_buffer_proxy_impl.cc(201)] Failed to initialize command buffer service.
[0804/205319:ERROR:command_buffer_proxy_impl.cc(201)] Failed to initialize command buffer service.
[0804/205319:ERROR:webgraphicscontext3d_command_buffer_impl.cc(210)] CommandBufferProxy::Initialize failed.
[0804/205319:ERROR:webgraphicscontext3d_command_buffer_impl.cc(210)] CommandBufferProxy::Initialize failed.
[0804/205319:ERROR:webgraphicscontext3d_command_buffer_impl.cc(229)] Failed to initialize command buffer.
[0804/205319:ERROR:webgraphicscontext3d_command_buffer_impl.cc(229)] Failed to initialize command buffer.
[0804/205319:ERROR:command_buffer_proxy_impl.cc(201)] Failed to initialize command buffer service.
[0804/205319:ERROR:webgraphicscontext3d_command_buffer_impl.cc(210)] CommandBufferProxy::Initialize failed.
[0804/205319:ERROR:webgraphicscontext3d_command_buffer_impl.cc(229)] Failed to initialize command buffer.
[0804/205319:ERROR:command_buffer_proxy_impl.cc(201)] Failed to initialize command buffer service.
[0804/205319:ERROR:webgraphicscontext3d_command_buffer_impl.cc(210)] CommandBufferProxy::Initialize failed.
[0804/205319:ERROR:webgraphicscontext3d_command_buffer_impl.cc(229)] Failed to initialize command buffer.
[0804/205319:ERROR:command_buffer_proxy_impl.cc(201)] Failed to initialize command buffer service.
[0804/205319:ERROR:webgraphicscontext3d_command_buffer_impl.cc(210)] CommandBufferProxy::Initialize failed.
[0804/205319:ERROR:webgraphicscontext3d_command_buffer_impl.cc(229)] Failed to initialize command buffer.
[0804/205319:ERROR:command_buffer_proxy_impl.cc(201)] Failed to initialize command buffer service.
[0804/205319:ERROR:webgraphicscontext3d_command_buffer_impl.cc(210)] CommandBufferProxy::Initialize failed.
[0804/205319:ERROR:webgraphicscontext3d_command_buffer_impl.cc(229)] Failed to initialize command buffer.
[0804/205319:ERROR:command_buffer_proxy_impl.cc(201)] Failed to initialize command buffer service.
[0804/205319:ERROR:webgraphicscontext3d_command_buffer_impl.cc(210)] CommandBufferProxy::Initialize failed.
[0804/205319:ERROR:webgraphicscontext3d_command_buffer_impl.cc(229)] Failed to initialize command buffer.
[0804/205335:ERROR:proxy_service_factory.cc(136)] Cannot use V8 Proxy resolver in single process mode.
[0804/205335:WARNING:histograms.cc(40)] Started multiple compositor clients (Browser, Renderer) in one process. Some metrics will be disabled.
[0804/205450:ERROR:proxy_service_factory.cc(136)] Cannot use V8 Proxy resolver in single process mode.
[0804/205450:WARNING:histograms.cc(40)] Started multiple compositor clients (Browser, Renderer) in one process. Some metrics will be disabled.
[0806/193142:ERROR:proxy_service_factory.cc(136)] Cannot use V8 Proxy resolver in single process mode.
[0806/193142:WARNING:histograms.cc(40)] Started multiple compositor clients (Browser, Renderer) in one process. Some metrics will be disabled.
[0806/195501:ERROR:proxy_service_factory.cc(136)] Cannot use V8 Proxy resolver in single process mode.
[0806/195501:WARNING:histograms.cc(40)] Started multiple compositor clients (Browser, Renderer) in one process. Some metrics will be disabled.
[0806/195505:ERROR:proxy_service_factory.cc(136)] Cannot use V8 Proxy resolver in single process mode.
[0806/195505:WARNING:histograms.cc(40)] Started multiple compositor clients (Browser, Renderer) in one process. Some metrics will be disabled.
[0806/195509:ERROR:proxy_service_factory.cc(136)] Cannot use V8 Proxy resolver in single process mode.
[0806/195509:WARNING:histograms.cc(40)] Started multiple compositor clients (Browser, Renderer) in one process. Some metrics will be disabled.
[0806/195727:ERROR:proxy_service_factory.cc(136)] Cannot use V8 Proxy resolver in single process mode.
[0806/195727:WARNING:histograms.cc(40)] Started multiple compositor clients (Browser, Renderer) in one process. Some metrics will be disabled.
[0806/195732:ERROR:proxy_service_factory.cc(136)] Cannot use V8 Proxy resolver in single process mode.
[0806/195732:WARNING:histograms.cc(40)] Started multiple compositor clients (Browser, Renderer) in one process. Some metrics will be disabled.
[0806/195733:ERROR:proxy_service_factory.cc(136)] Cannot use V8 Proxy resolver in single process mode.
[0806/195733:WARNING:histograms.cc(40)] Started multiple compositor clients (Browser, Renderer) in one process. Some metrics will be disabled.
[0806/200212:ERROR:proxy_service_factory.cc(136)] Cannot use V8 Proxy resolver in single process mode.
[0806/200212:WARNING:histograms.cc(40)] Started multiple compositor clients (Browser, Renderer) in one process. Some metrics will be disabled.
[0806/200216:ERROR:proxy_service_factory.cc(136)] Cannot use V8 Proxy resolver in single process mode.
[0806/200216:WARNING:histograms.cc(40)] Started multiple compositor clients (Browser, Renderer) in one process. Some metrics will be disabled.
[0806/200306:ERROR:proxy_service_factory.cc(136)] Cannot use V8 Proxy resolver in single process mode.
[0806/200306:WARNING:histograms.cc(40)] Started multiple compositor clients (Browser, Renderer) in one process. Some metrics will be disabled.
[0806/200356:ERROR:proxy_service_factory.cc(136)] Cannot use V8 Proxy resolver in single process mode.
[0806/200356:WARNING:histograms.cc(40)] Started multiple compositor clients (Browser, Renderer) in one process. Some metrics will be disabled.
[0806/200423:ERROR:proxy_service_factory.cc(136)] Cannot use V8 Proxy resolver in single process mode.
[0806/200423:WARNING:histograms.cc(40)] Started multiple compositor clients (Browser, Renderer) in one process. Some metrics will be disabled.
[0806/200429:ERROR:proxy_service_factory.cc(136)] Cannot use V8 Proxy resolver in single process mode.
[0806/200429:WARNING:histograms.cc(40)] Started multiple compositor clients (Browser, Renderer) in one process. Some metrics will be disabled.
[0806/200813:ERROR:proxy_service_factory.cc(136)] Cannot use V8 Proxy resolver in single process mode.
[0806/200813:WARNING:histograms.cc(40)] Started multiple compositor clients (Browser, Renderer) in one process. Some metrics will be disabled.
[0806/200931:ERROR:proxy_service_factory.cc(136)] Cannot use V8 Proxy resolver in single process mode.
[0806/200931:WARNING:histograms.cc(40)] Started multiple compositor clients (Browser, Renderer) in one process. Some metrics will be disabled.
[0806/201618:ERROR:proxy_service_factory.cc(136)] Cannot use V8 Proxy resolver in single process mode.
[0806/201618:WARNING:histograms.cc(40)] Started multiple compositor clients (Browser, Renderer) in one process. Some metrics will be disabled.
[0806/201642:ERROR:proxy_service_factory.cc(136)] Cannot use V8 Proxy resolver in single process mode.
[0806/201642:WARNING:histograms.cc(40)] Started multiple compositor clients (Browser, Renderer) in one process. Some metrics will be disabled.
[0806/201745:ERROR:proxy_service_factory.cc(136)] Cannot use V8 Proxy resolver in single process mode.
[0806/201745:WARNING:histograms.cc(40)] Started multiple compositor clients (Browser, Renderer) in one process. Some metrics will be disabled.
[0806/201753:ERROR:proxy_service_factory.cc(136)] Cannot use V8 Proxy resolver in single process mode.
[0806/201753:WARNING:histograms.cc(40)] Started multiple compositor clients (Browser, Renderer) in one process. Some metrics will be disabled.
[0806/201954:ERROR:proxy_service_factory.cc(136)] Cannot use V8 Proxy resolver in single process mode.
[0806/201954:WARNING:histograms.cc(40)] Started multiple compositor clients (Browser, Renderer) in one process. Some metrics will be disabled.
[0806/202005:ERROR:proxy_service_factory.cc(136)] Cannot use V8 Proxy resolver in single process mode.
[0806/202005:WARNING:histograms.cc(40)] Started multiple compositor clients (Browser, Renderer) in one process. Some metrics will be disabled.
[0806/202324:ERROR:proxy_service_factory.cc(136)] Cannot use V8 Proxy resolver in single process mode.
[0806/202324:WARNING:histograms.cc(40)] Started multiple compositor clients (Browser, Renderer) in one process. Some metrics will be disabled.
[0806/202324:ERROR:angle_platform_impl.cc(33)] ANGLE Display::initialize error 4: Could not create D3D11 device.
[0806/202324:ERROR:gl_surface_egl.cc(513)] eglInitialize D3D11 failed with error EGL_NOT_INITIALIZED, trying next display type
[0806/202325:ERROR:angle_platform_impl.cc(33)] ANGLE Display::initialize error 4: Renderer does not support PS 3.0.aborting!
[0806/202325:ERROR:gl_surface_egl.cc(513)] eglInitialize D3D9 failed with error EGL_NOT_INITIALIZED
[0806/202326:ERROR:angle_platform_impl.cc(33)] ANGLE Display::initialize error 4: Could not create D3D11 device.
[0806/202326:ERROR:gl_surface_egl.cc(513)] eglInitialize D3D11 failed with error EGL_NOT_INITIALIZED, trying next display type
[0806/202327:ERROR:angle_platform_impl.cc(33)] ANGLE Display::initialize error 4: Renderer does not support PS 3.0.aborting!
[0806/202327:ERROR:gl_surface_egl.cc(513)] eglInitialize D3D9 failed with error EGL_NOT_INITIALIZED
[0806/202327:ERROR:gl_surface_win.cc(67)] GLSurfaceEGL::InitializeOneOff failed.
[0806/202327:ERROR:command_buffer_proxy_impl.cc(201)] Failed to initialize command buffer service.
[0806/202327:ERROR:command_buffer_proxy_impl.cc(201)] Failed to initialize command buffer service.
[0806/202327:ERROR:webgraphicscontext3d_command_buffer_impl.cc(210)] CommandBufferProxy::Initialize failed.
[0806/202327:ERROR:webgraphicscontext3d_command_buffer_impl.cc(210)] CommandBufferProxy::Initialize failed.
[0806/202327:ERROR:webgraphicscontext3d_command_buffer_impl.cc(229)] Failed to initialize command buffer.
[0806/202327:ERROR:webgraphicscontext3d_command_buffer_impl.cc(229)] Failed to initialize command buffer.
[0806/202327:ERROR:command_buffer_proxy_impl.cc(201)] Failed to initialize command buffer service.
[0806/202327:ERROR:webgraphicscontext3d_command_buffer_impl.cc(210)] CommandBufferProxy::Initialize failed.
[0806/202327:ERROR:webgraphicscontext3d_command_buffer_impl.cc(229)] Failed to initialize command buffer.
[0806/202327:ERROR:command_buffer_proxy_impl.cc(201)] Failed to initialize command buffer service.
[0806/202327:ERROR:command_buffer_proxy_impl.cc(201)] Failed to initialize command buffer service.
[0806/202327:ERROR:webgraphicscontext3d_command_buffer_impl.cc(210)] CommandBufferProxy::Initialize failed.
[0806/202327:ERROR:webgraphicscontext3d_command_buffer_impl.cc(210)] CommandBufferProxy::Initialize failed.
[0806/202327:ERROR:webgraphicscontext3d_command_buffer_impl.cc(229)] Failed to initialize command buffer.
[0806/202327:ERROR:webgraphicscontext3d_command_buffer_impl.cc(229)] Failed to initialize command buffer.
[0806/202327:ERROR:command_buffer_proxy_impl.cc(201)] Failed to initialize command buffer service.
[0806/202327:ERROR:command_buffer_proxy_impl.cc(201)] Failed to initialize command buffer service.
[0806/202327:ERROR:webgraphicscontext3d_command_buffer_impl.cc(210)] CommandBufferProxy::Initialize failed.
[0806/202327:ERROR:webgraphicscontext3d_command_buffer_impl.cc(210)] CommandBufferProxy::Initialize failed.
[0806/202327:ERROR:webgraphicscontext3d_command_buffer_impl.cc(229)] Failed to initialize command buffer.
[0806/202327:ERROR:webgraphicscontext3d_command_buffer_impl.cc(229)] Failed to initialize command buffer.
[0806/202327:ERROR:command_buffer_proxy_impl.cc(201)] Failed to initialize command buffer service.
[0806/202327:ERROR:webgraphicscontext3d_command_buffer_impl.cc(210)] CommandBufferProxy::Initialize failed.
[0806/202327:ERROR:command_buffer_proxy_impl.cc(201)] Failed to initialize command buffer service.
[0806/202327:ERROR:webgraphicscontext3d_command_buffer_impl.cc(229)] Failed to initialize command buffer.
[0806/202327:ERROR:webgraphicscontext3d_command_buffer_impl.cc(210)] CommandBufferProxy::Initialize failed.
[0806/202327:ERROR:webgraphicscontext3d_command_buffer_impl.cc(229)] Failed to initialize command buffer.
[0806/202327:ERROR:command_buffer_proxy_impl.cc(201)] Failed to initialize command buffer service.
[0806/202327:ERROR:webgraphicscontext3d_command_buffer_impl.cc(210)] CommandBufferProxy::Initialize failed.
[0806/202327:ERROR:webgraphicscontext3d_command_buffer_impl.cc(229)] Failed to initialize command buffer.
[0806/202327:ERROR:command_buffer_proxy_impl.cc(201)] Failed to initialize command buffer service.
[0806/202327:ERROR:webgraphicscontext3d_command_buffer_impl.cc(210)] CommandBufferProxy::Initialize failed.
[0806/202327:ERROR:webgraphicscontext3d_command_buffer_impl.cc(229)] Failed to initialize command buffer.
[0806/202327:ERROR:command_buffer_proxy_impl.cc(201)] Failed to initialize command buffer service.
[0806/202327:ERROR:webgraphicscontext3d_command_buffer_impl.cc(210)] CommandBufferProxy::Initialize failed.
[0806/202327:ERROR:webgraphicscontext3d_command_buffer_impl.cc(229)] Failed to initialize command buffer.
[0806/202327:ERROR:command_buffer_proxy_impl.cc(201)] Failed to initialize command buffer service.
[0806/202327:ERROR:webgraphicscontext3d_command_buffer_impl.cc(210)] CommandBufferProxy::Initialize failed.
[0806/202327:ERROR:webgraphicscontext3d_command_buffer_impl.cc(229)] Failed to initialize command buffer.
[0806/202327:ERROR:command_buffer_proxy_impl.cc(201)] Failed to initialize command buffer service.
[0806/202327:ERROR:webgraphicscontext3d_command_buffer_impl.cc(210)] CommandBufferProxy::Initialize failed.
[0806/202327:ERROR:webgraphicscontext3d_command_buffer_impl.cc(229)] Failed to initialize command buffer.
[0806/202333:ERROR:proxy_service_factory.cc(136)] Cannot use V8 Proxy resolver in single process mode.
[0806/202333:WARNING:histograms.cc(40)] Started multiple compositor clients (Browser, Renderer) in one process. Some metrics will be disabled.
[0806/202532:ERROR:proxy_service_factory.cc(136)] Cannot use V8 Proxy resolver in single process mode.
[0806/202532:WARNING:histograms.cc(40)] Started multiple compositor clients (Browser, Renderer) in one process. Some metrics will be disabled.
[0806/202532:ERROR:angle_platform_impl.cc(33)] ANGLE Display::initialize error 4: Could not create D3D11 device.
[0806/202532:ERROR:gl_surface_egl.cc(513)] eglInitialize D3D11 failed with error EGL_NOT_INITIALIZED, trying next display type
[0806/202532:ERROR:angle_platform_impl.cc(33)] ANGLE Display::initialize error 6: CreateDevice2 failed: device lost, not available, or of out of memory
[0806/202532:ERROR:gl_surface_egl.cc(513)] eglInitialize D3D9 failed with error EGL_BAD_ALLOC
[0806/202532:ERROR:angle_platform_impl.cc(33)] ANGLE Display::initialize error 4: Could not create D3D11 device.
[0806/202532:ERROR:gl_surface_egl.cc(513)] eglInitialize D3D11 failed with error EGL_NOT_INITIALIZED, trying next display type
[0806/202532:ERROR:angle_platform_impl.cc(33)] ANGLE Display::initialize error 6: CreateDevice2 failed: device lost, not available, or of out of memory
[0806/202532:ERROR:gl_surface_egl.cc(513)] eglInitialize D3D9 failed with error EGL_BAD_ALLOC
[0806/202532:ERROR:gl_surface_win.cc(67)] GLSurfaceEGL::InitializeOneOff failed.
[0806/202532:ERROR:command_buffer_proxy_impl.cc(201)] Failed to initialize command buffer service.
[0806/202532:ERROR:command_buffer_proxy_impl.cc(201)] Failed to initialize command buffer service.
[0806/202532:ERROR:webgraphicscontext3d_command_buffer_impl.cc(210)] CommandBufferProxy::Initialize failed.
[0806/202532:ERROR:webgraphicscontext3d_command_buffer_impl.cc(210)] CommandBufferProxy::Initialize failed.
[0806/202532:ERROR:webgraphicscontext3d_command_buffer_impl.cc(229)] Failed to initialize command buffer.
[0806/202532:ERROR:webgraphicscontext3d_command_buffer_impl.cc(229)] Failed to initialize command buffer.
[0806/202532:ERROR:command_buffer_proxy_impl.cc(201)] Failed to initialize command buffer service.
[0806/202532:ERROR:webgraphicscontext3d_command_buffer_impl.cc(210)] CommandBufferProxy::Initialize failed.
[0806/202532:ERROR:webgraphicscontext3d_command_buffer_impl.cc(229)] Failed to initialize command buffer.
[0806/202532:ERROR:command_buffer_proxy_impl.cc(201)] Failed to initialize command buffer service.
[0806/202532:ERROR:command_buffer_proxy_impl.cc(201)] Failed to initialize command buffer service.
[0806/202532:ERROR:webgraphicscontext3d_command_buffer_impl.cc(210)] CommandBufferProxy::Initialize failed.
[0806/202532:ERROR:webgraphicscontext3d_command_buffer_impl.cc(210)] CommandBufferProxy::Initialize failed.
[0806/202532:ERROR:webgraphicscontext3d_command_buffer_impl.cc(229)] Failed to initialize command buffer.
[0806/202532:ERROR:webgraphicscontext3d_command_buffer_impl.cc(229)] Failed to initialize command buffer.
[0806/202532:ERROR:command_buffer_proxy_impl.cc(201)] Failed to initialize command buffer service.
[0806/202532:ERROR:command_buffer_proxy_impl.cc(201)] Failed to initialize command buffer service.
[0806/202532:ERROR:webgraphicscontext3d_command_buffer_impl.cc(210)] CommandBufferProxy::Initialize failed.
[0806/202532:ERROR:webgraphicscontext3d_command_buffer_impl.cc(210)] CommandBufferProxy::Initialize failed.
[0806/202532:ERROR:webgraphicscontext3d_command_buffer_impl.cc(229)] Failed to initialize command buffer.
[0806/202532:ERROR:command_buffer_proxy_impl.cc(201)] Failed to initialize command buffer service.
[0806/202532:ERROR:webgraphicscontext3d_command_buffer_impl.cc(229)] Failed to initialize command buffer.
[0806/202532:ERROR:webgraphicscontext3d_command_buffer_impl.cc(210)] CommandBufferProxy::Initialize failed.
[0806/202532:ERROR:command_buffer_proxy_impl.cc(201)] Failed to initialize command buffer service.
[0806/202532:ERROR:webgraphicscontext3d_command_buffer_impl.cc(229)] Failed to initialize command buffer.
[0806/202532:ERROR:webgraphicscontext3d_command_buffer_impl.cc(210)] CommandBufferProxy::Initialize failed.
[0806/202532:ERROR:webgraphicscontext3d_command_buffer_impl.cc(229)] Failed to initialize command buffer.
[0806/202532:ERROR:command_buffer_proxy_impl.cc(201)] Failed to initialize command buffer service.
[0806/202532:ERROR:webgraphicscontext3d_command_buffer_impl.cc(210)] CommandBufferProxy::Initialize failed.
[0806/202532:ERROR:webgraphicscontext3d_command_buffer_impl.cc(229)] Failed to initialize command buffer.
[0806/202532:ERROR:command_buffer_proxy_impl.cc(201)] Failed to initialize command buffer service.
[0806/202532:ERROR:webgraphicscontext3d_command_buffer_impl.cc(210)] CommandBufferProxy::Initialize failed.
[0806/202532:ERROR:webgraphicscontext3d_command_buffer_impl.cc(229)] Failed to initialize command buffer.
[0806/202532:ERROR:command_buffer_proxy_impl.cc(201)] Failed to initialize command buffer service.
[0806/202532:ERROR:webgraphicscontext3d_command_buffer_impl.cc(210)] CommandBufferProxy::Initialize failed.
[0806/202532:ERROR:webgraphicscontext3d_command_buffer_impl.cc(229)] Failed to initialize command buffer.
[0806/202532:ERROR:command_buffer_proxy_impl.cc(201)] Failed to initialize command buffer service.
[0806/202532:ERROR:webgraphicscontext3d_command_buffer_impl.cc(210)] CommandBufferProxy::Initialize failed.
[0806/202532:ERROR:webgraphicscontext3d_command_buffer_impl.cc(229)] Failed to initialize command buffer.
[0806/202532:ERROR:command_buffer_proxy_impl.cc(201)] Failed to initialize command buffer service.
[0806/202532:ERROR:webgraphicscontext3d_command_buffer_impl.cc(210)] CommandBufferProxy::Initialize failed.
[0806/202532:ERROR:webgraphicscontext3d_command_buffer_impl.cc(229)] Failed to initialize command buffer.
[0806/202535:ERROR:proxy_service_factory.cc(136)] Cannot use V8 Proxy resolver in single process mode.
[0806/202535:WARNING:histograms.cc(40)] Started multiple compositor clients (Browser, Renderer) in one process. Some metrics will be disabled.
[0806/202723:ERROR:proxy_service_factory.cc(136)] Cannot use V8 Proxy resolver in single process mode.
[0806/202723:WARNING:histograms.cc(40)] Started multiple compositor clients (Browser, Renderer) in one process. Some metrics will be disabled.
[0806/202934:ERROR:proxy_service_factory.cc(136)] Cannot use V8 Proxy resolver in single process mode.
[0806/202934:WARNING:histograms.cc(40)] Started multiple compositor clients (Browser, Renderer) in one process. Some metrics will be disabled.
[0807/210234:ERROR:proxy_service_factory.cc(136)] Cannot use V8 Proxy resolver in single process mode.
[0807/210234:WARNING:histograms.cc(40)] Started multiple compositor clients (Browser, Renderer) in one process. Some metrics will be disabled.
[0808/200810:ERROR:proxy_service_factory.cc(136)] Cannot use V8 Proxy resolver in single process mode.
[0808/200810:WARNING:histograms.cc(40)] Started multiple compositor clients (Browser, Renderer) in one process. Some metrics will be disabled.
[0808/200823:ERROR:proxy_service_factory.cc(136)] Cannot use V8 Proxy resolver in single process mode.
[0808/200823:WARNING:histograms.cc(40)] Started multiple compositor clients (Browser, Renderer) in one process. Some metrics will be disabled.
[0808/203459:ERROR:proxy_service_factory.cc(136)] Cannot use V8 Proxy resolver in single process mode.
[0808/203459:WARNING:histograms.cc(40)] Started multiple compositor clients (Browser, Renderer) in one process. Some metrics will be disabled.
[0808/203909:ERROR:proxy_service_factory.cc(136)] Cannot use V8 Proxy resolver in single process mode.
[0808/203909:WARNING:histograms.cc(40)] Started multiple compositor clients (Browser, Renderer) in one process. Some metrics will be disabled.
[0808/204551:ERROR:proxy_service_factory.cc(136)] Cannot use V8 Proxy resolver in single process mode.
[0808/204551:WARNING:histograms.cc(40)] Started multiple compositor clients (Browser, Renderer) in one process. Some metrics will be disabled.
[0808/204555:ERROR:proxy_service_factory.cc(136)] Cannot use V8 Proxy resolver in single process mode.
[0808/204555:WARNING:histograms.cc(40)] Started multiple compositor clients (Browser, Renderer) in one process. Some metrics will be disabled.
[0809/180556:ERROR:proxy_service_factory.cc(136)] Cannot use V8 Proxy resolver in single process mode.
[0809/180601:WARNING:histograms.cc(40)] Started multiple compositor clients (Browser, Renderer) in one process. Some metrics will be disabled.
[0809/180622:ERROR:proxy_service_factory.cc(136)] Cannot use V8 Proxy resolver in single process mode.
[0809/180622:WARNING:histograms.cc(40)] Started multiple compositor clients (Browser, Renderer) in one process. Some metrics will be disabled.
[0809/201430:ERROR:proxy_service_factory.cc(136)] Cannot use V8 Proxy resolver in single process mode.
[0809/201430:WARNING:histograms.cc(40)] Started multiple compositor clients (Browser, Renderer) in one process. Some metrics will be disabled.
[0809/201430:ERROR:angle_platform_impl.cc(33)] ANGLE Display::initialize error 4: Could not create D3D11 device.
[0809/201430:ERROR:gl_surface_egl.cc(513)] eglInitialize D3D11 failed with error EGL_NOT_INITIALIZED, trying next display type
[0809/201431:ERROR:angle_platform_impl.cc(33)] ANGLE Display::initialize error 4: Renderer does not support PS 3.0.aborting!
[0809/201431:ERROR:gl_surface_egl.cc(513)] eglInitialize D3D9 failed with error EGL_NOT_INITIALIZED
[0809/201431:ERROR:angle_platform_impl.cc(33)] ANGLE Display::initialize error 4: Could not create D3D11 device.
[0809/201431:ERROR:gl_surface_egl.cc(513)] eglInitialize D3D11 failed with error EGL_NOT_INITIALIZED, trying next display type
[0809/201432:ERROR:angle_platform_impl.cc(33)] ANGLE Display::initialize error 4: Renderer does not support PS 3.0.aborting!
[0809/201432:ERROR:gl_surface_egl.cc(513)] eglInitialize D3D9 failed with error EGL_NOT_INITIALIZED
[0809/201432:ERROR:gl_surface_win.cc(67)] GLSurfaceEGL::InitializeOneOff failed.
[0809/201432:ERROR:command_buffer_proxy_impl.cc(201)] Failed to initialize command buffer service.
[0809/201432:ERROR:command_buffer_proxy_impl.cc(201)] Failed to initialize command buffer service.
[0809/201432:ERROR:webgraphicscontext3d_command_buffer_impl.cc(210)] CommandBufferProxy::Initialize failed.
[0809/201432:ERROR:webgraphicscontext3d_command_buffer_impl.cc(210)] CommandBufferProxy::Initialize failed.
[0809/201432:ERROR:webgraphicscontext3d_command_buffer_impl.cc(229)] Failed to initialize command buffer.
[0809/201432:ERROR:webgraphicscontext3d_command_buffer_impl.cc(229)] Failed to initialize command buffer.
[0809/201432:ERROR:command_buffer_proxy_impl.cc(201)] Failed to initialize command buffer service.
[0809/201432:ERROR:command_buffer_proxy_impl.cc(201)] Failed to initialize command buffer service.
[0809/201432:ERROR:webgraphicscontext3d_command_buffer_impl.cc(210)] CommandBufferProxy::Initialize failed.
[0809/201432:ERROR:webgraphicscontext3d_command_buffer_impl.cc(210)] CommandBufferProxy::Initialize failed.
[0809/201432:ERROR:webgraphicscontext3d_command_buffer_impl.cc(229)] Failed to initialize command buffer.
[0809/201432:ERROR:webgraphicscontext3d_command_buffer_impl.cc(229)] Failed to initialize command buffer.
[0809/201432:ERROR:command_buffer_proxy_impl.cc(201)] Failed to initialize command buffer service.
[0809/201432:ERROR:command_buffer_proxy_impl.cc(201)] Failed to initialize command buffer service.
[0809/201432:ERROR:webgraphicscontext3d_command_buffer_impl.cc(210)] CommandBufferProxy::Initialize failed.
[0809/201432:ERROR:webgraphicscontext3d_command_buffer_impl.cc(210)] CommandBufferProxy::Initialize failed.
[0809/201432:ERROR:webgraphicscontext3d_command_buffer_impl.cc(229)] Failed to initialize command buffer.
[0809/201432:ERROR:webgraphicscontext3d_command_buffer_impl.cc(229)] Failed to initialize command buffer.
[0809/201432:ERROR:command_buffer_proxy_impl.cc(201)] Failed to initialize command buffer service.
[0809/201432:ERROR:command_buffer_proxy_impl.cc(201)] Failed to initialize command buffer service.
[0809/201432:ERROR:webgraphicscontext3d_command_buffer_impl.cc(210)] CommandBufferProxy::Initialize failed.
[0809/201432:ERROR:webgraphicscontext3d_command_buffer_impl.cc(210)] CommandBufferProxy::Initialize failed.
[0809/201432:ERROR:webgraphicscontext3d_command_buffer_impl.cc(229)] Failed to initialize command buffer.
[0809/201432:ERROR:webgraphicscontext3d_command_buffer_impl.cc(229)] Failed to initialize command buffer.
[0809/201432:ERROR:command_buffer_proxy_impl.cc(201)] Failed to initialize command buffer service.
[0809/201432:ERROR:webgraphicscontext3d_command_buffer_impl.cc(210)] CommandBufferProxy::Initialize failed.
[0809/201432:ERROR:webgraphicscontext3d_command_buffer_impl.cc(229)] Failed to initialize command buffer.
[0809/201432:ERROR:command_buffer_proxy_impl.cc(201)] Failed to initialize command buffer service.
[0809/201432:ERROR:webgraphicscontext3d_command_buffer_impl.cc(210)] CommandBufferProxy::Initialize failed.
[0809/201432:ERROR:webgraphicscontext3d_command_buffer_impl.cc(229)] Failed to initialize command buffer.
[0809/201432:ERROR:command_buffer_proxy_impl.cc(201)] Failed to initialize command buffer service.
[0809/201432:ERROR:webgraphicscontext3d_command_buffer_impl.cc(210)] CommandBufferProxy::Initialize failed.
[0809/201432:ERROR:webgraphicscontext3d_command_buffer_impl.cc(229)] Failed to initialize command buffer.
[0809/201432:ERROR:command_buffer_proxy_impl.cc(201)] Failed to initialize command buffer service.
[0809/201432:ERROR:webgraphicscontext3d_command_buffer_impl.cc(210)] CommandBufferProxy::Initialize failed.
[0809/201432:ERROR:webgraphicscontext3d_command_buffer_impl.cc(229)] Failed to initialize command buffer.
[0809/201432:ERROR:command_buffer_proxy_impl.cc(201)] Failed to initialize command buffer service.
[0809/201432:ERROR:webgraphicscontext3d_command_buffer_impl.cc(210)] CommandBufferProxy::Initialize failed.
[0809/201432:ERROR:webgraphicscontext3d_command_buffer_impl.cc(229)] Failed to initialize command buffer.
[0809/201432:ERROR:command_buffer_proxy_impl.cc(201)] Failed to initialize command buffer service.
[0809/201432:ERROR:webgraphicscontext3d_command_buffer_impl.cc(210)] CommandBufferProxy::Initialize failed.
[0809/201432:ERROR:webgraphicscontext3d_command_buffer_impl.cc(229)] Failed to initialize command buffer.
[0809/201437:ERROR:proxy_service_factory.cc(136)] Cannot use V8 Proxy resolver in single process mode.
[0809/201437:WARNING:histograms.cc(40)] Started multiple compositor clients (Browser, Renderer) in one process. Some metrics will be disabled.
[0809/201526:ERROR:proxy_service_factory.cc(136)] Cannot use V8 Proxy resolver in single process mode.
[0809/201526:WARNING:histograms.cc(40)] Started multiple compositor clients (Browser, Renderer) in one process. Some metrics will be disabled.
[0809/201642:ERROR:proxy_service_factory.cc(136)] Cannot use V8 Proxy resolver in single process mode.
[0809/201642:WARNING:histograms.cc(40)] Started multiple compositor clients (Browser, Renderer) in one process. Some metrics will be disabled.
[0809/201649:ERROR:proxy_service_factory.cc(136)] Cannot use V8 Proxy resolver in single process mode.
[0809/201649:WARNING:histograms.cc(40)] Started multiple compositor clients (Browser, Renderer) in one process. Some metrics will be disabled.
[0809/201649:ERROR:angle_platform_impl.cc(33)] ANGLE Display::initialize error 4: Could not create D3D11 device.
[0809/201649:ERROR:gl_surface_egl.cc(513)] eglInitialize D3D11 failed with error EGL_NOT_INITIALIZED, trying next display type
[0809/201649:ERROR:angle_platform_impl.cc(33)] ANGLE Display::initialize error 6: CreateDevice2 failed: device lost, not available, or of out of memory
[0809/201649:ERROR:gl_surface_egl.cc(513)] eglInitialize D3D9 failed with error EGL_BAD_ALLOC
[0809/201649:ERROR:angle_platform_impl.cc(33)] ANGLE Display::initialize error 4: Could not create D3D11 device.
[0809/201649:ERROR:gl_surface_egl.cc(513)] eglInitialize D3D11 failed with error EGL_NOT_INITIALIZED, trying next display type
[0809/201649:ERROR:angle_platform_impl.cc(33)] ANGLE Display::initialize error 6: CreateDevice2 failed: device lost, not available, or of out of memory
[0809/201649:ERROR:gl_surface_egl.cc(513)] eglInitialize D3D9 failed with error EGL_BAD_ALLOC
[0809/201649:ERROR:gl_surface_win.cc(67)] GLSurfaceEGL::InitializeOneOff failed.
[0809/201649:ERROR:command_buffer_proxy_impl.cc(201)] Failed to initialize command buffer service.
[0809/201649:ERROR:command_buffer_proxy_impl.cc(201)] Failed to initialize command buffer service.
[0809/201649:ERROR:webgraphicscontext3d_command_buffer_impl.cc(210)] CommandBufferProxy::Initialize failed.
[0809/201649:ERROR:webgraphicscontext3d_command_buffer_impl.cc(210)] CommandBufferProxy::Initialize failed.
[0809/201649:ERROR:webgraphicscontext3d_command_buffer_impl.cc(229)] Failed to initialize command buffer.
[0809/201649:ERROR:webgraphicscontext3d_command_buffer_impl.cc(229)] Failed to initialize command buffer.
[0809/201649:ERROR:command_buffer_proxy_impl.cc(201)] Failed to initialize command buffer service.
[0809/201649:ERROR:webgraphicscontext3d_command_buffer_impl.cc(210)] CommandBufferProxy::Initialize failed.
[0809/201649:ERROR:webgraphicscontext3d_command_buffer_impl.cc(229)] Failed to initialize command buffer.
[0809/201649:ERROR:command_buffer_proxy_impl.cc(201)] Failed to initialize command buffer service.
[0809/201649:ERROR:command_buffer_proxy_impl.cc(201)] Failed to initialize command buffer service.
[0809/201649:ERROR:webgraphicscontext3d_command_buffer_impl.cc(210)] CommandBufferProxy::Initialize failed.
[0809/201649:ERROR:webgraphicscontext3d_command_buffer_impl.cc(210)] CommandBufferProxy::Initialize failed.
[0809/201649:ERROR:webgraphicscontext3d_command_buffer_impl.cc(229)] Failed to initialize command buffer.
[0809/201649:ERROR:webgraphicscontext3d_command_buffer_impl.cc(229)] Failed to initialize command buffer.
[0809/201649:ERROR:command_buffer_proxy_impl.cc(201)] Failed to initialize command buffer service.
[0809/201649:ERROR:command_buffer_proxy_impl.cc(201)] Failed to initialize command buffer service.
[0809/201649:ERROR:webgraphicscontext3d_command_buffer_impl.cc(210)] CommandBufferProxy::Initialize failed.
[0809/201649:ERROR:webgraphicscontext3d_command_buffer_impl.cc(210)] CommandBufferProxy::Initialize failed.
[0809/201649:ERROR:webgraphicscontext3d_command_buffer_impl.cc(229)] Failed to initialize command buffer.
[0809/201649:ERROR:webgraphicscontext3d_command_buffer_impl.cc(229)] Failed to initialize command buffer.
[0809/201649:ERROR:command_buffer_proxy_impl.cc(201)] Failed to initialize command buffer service.
[0809/201649:ERROR:command_buffer_proxy_impl.cc(201)] Failed to initialize command buffer service.
[0809/201649:ERROR:webgraphicscontext3d_command_buffer_impl.cc(210)] CommandBufferProxy::Initialize failed.
[0809/201649:ERROR:webgraphicscontext3d_command_buffer_impl.cc(210)] CommandBufferProxy::Initialize failed.
[0809/201649:ERROR:webgraphicscontext3d_command_buffer_impl.cc(229)] Failed to initialize command buffer.
[0809/201649:ERROR:webgraphicscontext3d_command_buffer_impl.cc(229)] Failed to initialize command buffer.
[0809/201649:ERROR:command_buffer_proxy_impl.cc(201)] Failed to initialize command buffer service.
[0809/201649:ERROR:webgraphicscontext3d_command_buffer_impl.cc(210)] CommandBufferProxy::Initialize failed.
[0809/201649:ERROR:webgraphicscontext3d_command_buffer_impl.cc(229)] Failed to initialize command buffer.
[0809/201649:ERROR:command_buffer_proxy_impl.cc(201)] Failed to initialize command buffer service.
[0809/201649:ERROR:webgraphicscontext3d_command_buffer_impl.cc(210)] CommandBufferProxy::Initialize failed.
[0809/201649:ERROR:webgraphicscontext3d_command_buffer_impl.cc(229)] Failed to initialize command buffer.
[0809/201649:ERROR:command_buffer_proxy_impl.cc(201)] Failed to initialize command buffer service.
[0809/201649:ERROR:webgraphicscontext3d_command_buffer_impl.cc(210)] CommandBufferProxy::Initialize failed.
[0809/201649:ERROR:webgraphicscontext3d_command_buffer_impl.cc(229)] Failed to initialize command buffer.
[0809/201649:ERROR:command_buffer_proxy_impl.cc(201)] Failed to initialize command buffer service.
[0809/201649:ERROR:webgraphicscontext3d_command_buffer_impl.cc(210)] CommandBufferProxy::Initialize failed.
[0809/201649:ERROR:webgraphicscontext3d_command_buffer_impl.cc(229)] Failed to initialize command buffer.
[0809/201649:ERROR:command_buffer_proxy_impl.cc(201)] Failed to initialize command buffer service.
[0809/201649:ERROR:webgraphicscontext3d_command_buffer_impl.cc(210)] CommandBufferProxy::Initialize failed.
[0809/201649:ERROR:webgraphicscontext3d_command_buffer_impl.cc(229)] Failed to initialize command buffer.
[0809/201653:ERROR:proxy_service_factory.cc(136)] Cannot use V8 Proxy resolver in single process mode.
[0809/201653:WARNING:histograms.cc(40)] Started multiple compositor clients (Browser, Renderer) in one process. Some metrics will be disabled.
[0809/201725:ERROR:proxy_service_factory.cc(136)] Cannot use V8 Proxy resolver in single process mode.
[0809/201725:WARNING:histograms.cc(40)] Started multiple compositor clients (Browser, Renderer) in one process. Some metrics will be disabled.
[0809/201750:ERROR:proxy_service_factory.cc(136)] Cannot use V8 Proxy resolver in single process mode.
[0809/201750:WARNING:histograms.cc(40)] Started multiple compositor clients (Browser, Renderer) in one process. Some metrics will be disabled.
[0809/201814:ERROR:proxy_service_factory.cc(136)] Cannot use V8 Proxy resolver in single process mode.
[0809/201814:WARNING:histograms.cc(40)] Started multiple compositor clients (Browser, Renderer) in one process. Some metrics will be disabled.
[0809/201835:ERROR:proxy_service_factory.cc(136)] Cannot use V8 Proxy resolver in single process mode.
[0809/201835:WARNING:histograms.cc(40)] Started multiple compositor clients (Browser, Renderer) in one process. Some metrics will be disabled.
[0809/201922:ERROR:proxy_service_factory.cc(136)] Cannot use V8 Proxy resolver in single process mode.
[0809/201922:WARNING:histograms.cc(40)] Started multiple compositor clients (Browser, Renderer) in one process. Some metrics will be disabled.
[0809/202114:ERROR:proxy_service_factory.cc(136)] Cannot use V8 Proxy resolver in single process mode.
[0809/202114:WARNING:histograms.cc(40)] Started multiple compositor clients (Browser, Renderer) in one process. Some metrics will be disabled.
[0809/202258:ERROR:proxy_service_factory.cc(136)] Cannot use V8 Proxy resolver in single process mode.
[0809/202258:WARNING:histograms.cc(40)] Started multiple compositor clients (Browser, Renderer) in one process. Some metrics will be disabled.
[0809/202337:ERROR:proxy_service_factory.cc(136)] Cannot use V8 Proxy resolver in single process mode.
[0809/202337:WARNING:histograms.cc(40)] Started multiple compositor clients (Browser, Renderer) in one process. Some metrics will be disabled.
[0809/203347:ERROR:proxy_service_factory.cc(136)] Cannot use V8 Proxy resolver in single process mode.
[0809/203347:WARNING:histograms.cc(40)] Started multiple compositor clients (Browser, Renderer) in one process. Some metrics will be disabled.
[0809/203347:ERROR:angle_platform_impl.cc(33)] ANGLE Display::initialize error 4: Could not create D3D11 device.
[0809/203347:ERROR:gl_surface_egl.cc(513)] eglInitialize D3D11 failed with error EGL_NOT_INITIALIZED, trying next display type
[0809/203347:ERROR:angle_platform_impl.cc(33)] ANGLE Display::initialize error 6: CreateDevice2 failed: device lost, not available, or of out of memory
[0809/203347:ERROR:gl_surface_egl.cc(513)] eglInitialize D3D9 failed with error EGL_BAD_ALLOC
[0809/203347:ERROR:angle_platform_impl.cc(33)] ANGLE Display::initialize error 4: Could not create D3D11 device.
[0809/203347:ERROR:gl_surface_egl.cc(513)] eglInitialize D3D11 failed with error EGL_NOT_INITIALIZED, trying next display type
[0809/203347:ERROR:angle_platform_impl.cc(33)] ANGLE Display::initialize error 6: CreateDevice2 failed: device lost, not available, or of out of memory
[0809/203347:ERROR:gl_surface_egl.cc(513)] eglInitialize D3D9 failed with error EGL_BAD_ALLOC
[0809/203347:ERROR:gl_surface_win.cc(67)] GLSurfaceEGL::InitializeOneOff failed.
[0809/203347:ERROR:command_buffer_proxy_impl.cc(201)] Failed to initialize command buffer service.
[0809/203347:ERROR:command_buffer_proxy_impl.cc(201)] Failed to initialize command buffer service.
[0809/203347:ERROR:webgraphicscontext3d_command_buffer_impl.cc(210)] CommandBufferProxy::Initialize failed.
[0809/203347:ERROR:webgraphicscontext3d_command_buffer_impl.cc(210)] CommandBufferProxy::Initialize failed.
[0809/203347:ERROR:webgraphicscontext3d_command_buffer_impl.cc(229)] Failed to initialize command buffer.
[0809/203347:ERROR:webgraphicscontext3d_command_buffer_impl.cc(229)] Failed to initialize command buffer.
[0809/203347:ERROR:command_buffer_proxy_impl.cc(201)] Failed to initialize command buffer service.
[0809/203347:ERROR:command_buffer_proxy_impl.cc(201)] Failed to initialize command buffer service.
[0809/203347:ERROR:webgraphicscontext3d_command_buffer_impl.cc(210)] CommandBufferProxy::Initialize failed.
[0809/203347:ERROR:webgraphicscontext3d_command_buffer_impl.cc(210)] CommandBufferProxy::Initialize failed.
[0809/203347:ERROR:webgraphicscontext3d_command_buffer_impl.cc(229)] Failed to initialize command buffer.
[0809/203347:ERROR:webgraphicscontext3d_command_buffer_impl.cc(229)] Failed to initialize command buffer.
[0809/203347:ERROR:command_buffer_proxy_impl.cc(201)] Failed to initialize command buffer service.
[0809/203347:ERROR:command_buffer_proxy_impl.cc(201)] Failed to initialize command buffer service.
[0809/203347:ERROR:webgraphicscontext3d_command_buffer_impl.cc(210)] CommandBufferProxy::Initialize failed.
[0809/203347:ERROR:webgraphicscontext3d_command_buffer_impl.cc(210)] CommandBufferProxy::Initialize failed.
[0809/203347:ERROR:webgraphicscontext3d_command_buffer_impl.cc(229)] Failed to initialize command buffer.
[0809/203347:ERROR:webgraphicscontext3d_command_buffer_impl.cc(229)] Failed to initialize command buffer.
[0809/203347:ERROR:command_buffer_proxy_impl.cc(201)] Failed to initialize command buffer service.
[0809/203347:ERROR:command_buffer_proxy_impl.cc(201)] Failed to initialize command buffer service.
[0809/203347:ERROR:webgraphicscontext3d_command_buffer_impl.cc(210)] CommandBufferProxy::Initialize failed.
[0809/203347:ERROR:webgraphicscontext3d_command_buffer_impl.cc(210)] CommandBufferProxy::Initialize failed.
[0809/203347:ERROR:webgraphicscontext3d_command_buffer_impl.cc(229)] Failed to initialize command buffer.
[0809/203347:ERROR:webgraphicscontext3d_command_buffer_impl.cc(229)] Failed to initialize command buffer.
[0809/203347:ERROR:command_buffer_proxy_impl.cc(201)] Failed to initialize command buffer service.
[0809/203347:ERROR:webgraphicscontext3d_command_buffer_impl.cc(210)] CommandBufferProxy::Initialize failed.
[0809/203347:ERROR:webgraphicscontext3d_command_buffer_impl.cc(229)] Failed to initialize command buffer.
[0809/203347:ERROR:command_buffer_proxy_impl.cc(201)] Failed to initialize command buffer service.
[0809/203347:ERROR:webgraphicscontext3d_command_buffer_impl.cc(210)] CommandBufferProxy::Initialize failed.
[0809/203347:ERROR:webgraphicscontext3d_command_buffer_impl.cc(229)] Failed to initialize command buffer.
[0809/203347:ERROR:command_buffer_proxy_impl.cc(201)] Failed to initialize command buffer service.
[0809/203347:ERROR:webgraphicscontext3d_command_buffer_impl.cc(210)] CommandBufferProxy::Initialize failed.
[0809/203347:ERROR:webgraphicscontext3d_command_buffer_impl.cc(229)] Failed to initialize command buffer.
[0809/203347:ERROR:command_buffer_proxy_impl.cc(201)] Failed to initialize command buffer service.
[0809/203347:ERROR:webgraphicscontext3d_command_buffer_impl.cc(210)] CommandBufferProxy::Initialize failed.
[0809/203347:ERROR:webgraphicscontext3d_command_buffer_impl.cc(229)] Failed to initialize command buffer.
[0809/203347:ERROR:command_buffer_proxy_impl.cc(201)] Failed to initialize command buffer service.
[0809/203347:ERROR:webgraphicscontext3d_command_buffer_impl.cc(210)] CommandBufferProxy::Initialize failed.
[0809/203347:ERROR:webgraphicscontext3d_command_buffer_impl.cc(229)] Failed to initialize command buffer.
[0809/203347:ERROR:command_buffer_proxy_impl.cc(201)] Failed to initialize command buffer service.
[0809/203347:ERROR:webgraphicscontext3d_command_buffer_impl.cc(210)] CommandBufferProxy::Initialize failed.
[0809/203347:ERROR:webgraphicscontext3d_command_buffer_impl.cc(229)] Failed to initialize command buffer.
[0809/203350:ERROR:proxy_service_factory.cc(136)] Cannot use V8 Proxy resolver in single process mode.
[0809/203350:WARNING:histograms.cc(40)] Started multiple compositor clients (Browser, Renderer) in one process. Some metrics will be disabled.
[0809/223503:ERROR:proxy_service_factory.cc(136)] Cannot use V8 Proxy resolver in single process mode.
[0809/223503:WARNING:histograms.cc(40)] Started multiple compositor clients (Browser, Renderer) in one process. Some metrics will be disabled.
[0809/223533:ERROR:proxy_service_factory.cc(136)] Cannot use V8 Proxy resolver in single process mode.
[0809/223533:WARNING:histograms.cc(40)] Started multiple compositor clients (Browser, Renderer) in one process. Some metrics will be disabled.
[0809/223609:ERROR:proxy_service_factory.cc(136)] Cannot use V8 Proxy resolver in single process mode.
[0809/223609:WARNING:histograms.cc(40)] Started multiple compositor clients (Browser, Renderer) in one process. Some metrics will be disabled.
[0810/092212:ERROR:proxy_service_factory.cc(136)] Cannot use V8 Proxy resolver in single process mode.
[0810/092212:WARNING:histograms.cc(40)] Started multiple compositor clients (Browser, Renderer) in one process. Some metrics will be disabled.
[0810/160151:ERROR:proxy_service_factory.cc(136)] Cannot use V8 Proxy resolver in single process mode.
[0811/192610:ERROR:proxy_service_factory.cc(136)] Cannot use V8 Proxy resolver in single process mode.
[0811/192612:ERROR:proxy_service_factory.cc(136)] Cannot use V8 Proxy resolver in single process mode.
[0811/192612:WARNING:histograms.cc(40)] Started multiple compositor clients (Browser, Renderer) in one process. Some metrics will be disabled.
