[2025-08-24 15:00:43] Launcher started successfully
[2025-08-24 15:00:43] current working directory : [C:\Users\phikill\Desktop\litepc_reverse\recode\launcher test\re_lpc_launcher\bin\nt_86\]

[2025-08-24 15:00:43]  launcher execut 

[2025-08-24 15:00:44] API Server listening on port 57356
[2025-08-24 15:01:15]  Launcher Closed 

[2025-08-25 20:15:33] Launcher started successfully
[2025-08-25 20:15:33] current working directory : [C:\Users\phikill\Desktop\litepc_reverse\recode\launcher test\re_lpc_launcher\bin\nt_86\]

[2025-08-25 20:15:33]  launcher execut 

[2025-08-25 20:15:33] API Server listening on port 57987
[2025-08-31 11:20:34] Launcher started successfully
[2025-08-31 11:20:34] current working directory : [C:\Users\phikill\Desktop\litepc_reverse\recode\launcher test\re_lpc_launcher\bin\nt_86\]

[2025-08-31 11:20:34]  launcher execut 

[2025-08-31 11:20:34] API Server listening on port 15827
[2025-08-31 11:20:57] Launcher started successfully
[2025-08-31 11:20:57] current working directory : [C:\Users\phikill\Desktop\litepc_reverse\recode\launcher test\re_lpc_launcher\bin\nt_86\]

[2025-08-31 11:20:58]  launcher execut 

[2025-08-31 11:20:58] API Server listening on port 15828
[2025-08-31 11:21:00] Launcher started successfully
[2025-08-31 11:21:00] current working directory : [C:\Users\phikill\Desktop\litepc_reverse\recode\launcher test\re_lpc_launcher\bin\nt_86\]

[2025-08-31 11:21:00]  launcher execut 

[2025-08-31 11:21:00] API Server listening on port 15829
[2025-08-31 11:21:04] Launcher started successfully
[2025-08-31 11:21:04] current working directory : [C:\Users\phikill\Desktop\litepc_reverse\recode\launcher test\re_lpc_launcher\bin\nt_86\]

[2025-08-31 11:21:04]  launcher execut 

[2025-08-31 11:21:04] API Server listening on port 15832
[2025-08-31 11:21:06] Launcher started successfully
[2025-08-31 11:21:06] current working directory : [C:\Users\phikill\Desktop\litepc_reverse\recode\launcher test\re_lpc_launcher\bin\nt_86\]

[2025-08-31 11:21:06]  launcher execut 

[2025-08-31 11:21:06] API Server listening on port 15835
